26.02.05 10:07:03.139 [OpenMUC Data Manager] ERROR o.o.f.core.datamanager.DataManager - Action was scheduled for UNIX time 1770209064000. But current time is already 1770266223139. Will calculate new action time because the action has timed out. Has the system clock jumped?
26.02.05 10:07:03.918 [OpenMUC Data Manager] ERROR o.o.f.core.datamanager.DataManager - Action was scheduled for UNIX time 1770209065000. But current time is already 1770266223918. Will calculate new action time because the action has timed out. Has the system clock jumped?
26.02.05 10:07:17.435 [OpenMUC Data Manager] ERROR o.o.f.core.datamanager.DataManager - Action was scheduled for UNIX time 1770266235000. But current time is already 1770266237435. Will calculate new action time because the action has timed out. Has the system clock jumped?
26.02.05 10:07:17.466 [OpenMUC Data Manager] ERROR o.o.f.core.datamanager.DataManager - Action was scheduled for UNIX time 1770266236000. But current time is already 1770266237466. Will calculate new action time because the action has timed out. Has the system clock jumped?
26.02.05 10:17:12.955 [OpenMUC Data Manager Pool - thread-1] WARN  o.o.f.core.datamanager.SamplingTask - Connection to device ied1 lost because java.io.IOException: connection was closed. Trying to reconnect...
26.02.05 10:17:13.014 [OpenMUC Data Manager Pool - thread-2] INFO  o.o.f.a.g.i.i.Iec61850InputHandler - Invalid flag CONNECTING for iec61850_measurement4
26.02.05 10:17:13.008 [OpenMUC Data Manager Pool - thread-1] INFO  o.o.f.a.g.i.i.Iec61850InputHandler - Invalid flag CONNECTING for iec61850_measurement1
26.02.05 10:17:13.008 [OpenMUC Data Manager Pool - thread-5] INFO  o.o.f.a.g.i.i.Iec61850InputHandler - Invalid flag CONNECTING for iec61850_measurement5
26.02.05 10:17:13.008 [OpenMUC Data Manager Pool - thread-6] INFO  o.o.f.a.g.i.i.Iec61850InputHandler - Invalid flag CONNECTING for iec61850_measurement2
26.02.05 10:17:13.014 [OpenMUC Data Manager Pool - thread-8] INFO  o.o.f.a.g.i.i.Iec61850InputHandler - Invalid flag CONNECTING for iec61850_measurement3
26.02.05 10:17:13.079 [OpenMUC Data Manager Pool - thread-7] WARN  o.o.f.core.datamanager.ConnectTask - Unable to connect to device ied1 because java.net.ConnectException: Connection refused: connect.
Will try again in 60000 ms.
26.02.05 10:17:13.080 [OpenMUC Data Manager Pool - thread-1] INFO  o.o.f.a.g.i.i.Iec61850InputHandler - Invalid flag WAITING_FOR_CONNECTION_RETRY for iec61850_measurement5
26.02.05 10:17:13.080 [OpenMUC Data Manager Pool - thread-5] INFO  o.o.f.a.g.i.i.Iec61850InputHandler - Invalid flag WAITING_FOR_CONNECTION_RETRY for iec61850_measurement4
26.02.05 10:17:13.080 [OpenMUC Data Manager Pool - thread-7] INFO  o.o.f.a.g.i.i.Iec61850InputHandler - Invalid flag WAITING_FOR_CONNECTION_RETRY for iec61850_measurement1
26.02.05 10:17:13.080 [OpenMUC Data Manager Pool - thread-6] INFO  o.o.f.a.g.i.i.Iec61850InputHandler - Invalid flag WAITING_FOR_CONNECTION_RETRY for iec61850_measurement3
26.02.05 10:17:13.080 [OpenMUC Data Manager Pool - thread-8] INFO  o.o.f.a.g.i.i.Iec61850InputHandler - Invalid flag WAITING_FOR_CONNECTION_RETRY for iec61850_measurement2
26.02.05 10:18:13.081 [OpenMUC Data Manager Pool - thread-5] INFO  o.o.f.a.g.i.i.Iec61850InputHandler - Invalid flag CONNECTING for iec61850_measurement4
26.02.05 10:18:13.081 [OpenMUC Data Manager Pool - thread-1] INFO  o.o.f.a.g.i.i.Iec61850InputHandler - Invalid flag CONNECTING for iec61850_measurement5
26.02.05 10:18:13.081 [OpenMUC Data Manager Pool - thread-7] INFO  o.o.f.a.g.i.i.Iec61850InputHandler - Invalid flag CONNECTING for iec61850_measurement3
26.02.05 10:18:13.081 [OpenMUC Data Manager Pool - thread-6] INFO  o.o.f.a.g.i.i.Iec61850InputHandler - Invalid flag CONNECTING for iec61850_measurement1
26.02.05 10:18:13.081 [OpenMUC Data Manager Pool - thread-8] INFO  o.o.f.a.g.i.i.Iec61850InputHandler - Invalid flag CONNECTING for iec61850_measurement2
26.02.05 10:18:13.084 [OpenMUC Data Manager Pool - thread-9] WARN  o.o.f.core.datamanager.ConnectTask - Unable to connect to device ied1 because java.net.ConnectException: Connection refused: connect.
Will try again in 60000 ms.
26.02.05 10:18:13.085 [OpenMUC Data Manager Pool - thread-9] INFO  o.o.f.a.g.i.i.Iec61850InputHandler - Invalid flag WAITING_FOR_CONNECTION_RETRY for iec61850_measurement1
26.02.05 10:18:13.085 [OpenMUC Data Manager Pool - thread-7] INFO  o.o.f.a.g.i.i.Iec61850InputHandler - Invalid flag WAITING_FOR_CONNECTION_RETRY for iec61850_measurement4
26.02.05 10:18:13.086 [OpenMUC Data Manager Pool - thread-1] INFO  o.o.f.a.g.i.i.Iec61850InputHandler - Invalid flag WAITING_FOR_CONNECTION_RETRY for iec61850_measurement5
26.02.05 10:18:13.085 [OpenMUC Data Manager Pool - thread-8] INFO  o.o.f.a.g.i.i.Iec61850InputHandler - Invalid flag WAITING_FOR_CONNECTION_RETRY for iec61850_measurement2
26.02.05 10:18:13.085 [OpenMUC Data Manager Pool - thread-6] INFO  o.o.f.a.g.i.i.Iec61850InputHandler - Invalid flag WAITING_FOR_CONNECTION_RETRY for iec61850_measurement3
26.02.05 10:19:13.086 [OpenMUC Data Manager Pool - thread-6] INFO  o.o.f.a.g.i.i.Iec61850InputHandler - Invalid flag CONNECTING for iec61850_measurement2
26.02.05 10:19:13.086 [OpenMUC Data Manager Pool - thread-8] INFO  o.o.f.a.g.i.i.Iec61850InputHandler - Invalid flag CONNECTING for iec61850_measurement1
26.02.05 10:19:13.086 [OpenMUC Data Manager Pool - thread-1] INFO  o.o.f.a.g.i.i.Iec61850InputHandler - Invalid flag CONNECTING for iec61850_measurement3
26.02.05 10:19:13.086 [OpenMUC Data Manager Pool - thread-7] INFO  o.o.f.a.g.i.i.Iec61850InputHandler - Invalid flag CONNECTING for iec61850_measurement4
26.02.05 10:19:13.086 [OpenMUC Data Manager Pool - thread-9] INFO  o.o.f.a.g.i.i.Iec61850InputHandler - Invalid flag CONNECTING for iec61850_measurement5
26.02.05 10:19:13.187 [OpenMUC Data Manager Pool - thread-10] WARN  o.o.f.core.datamanager.ConnectTask - Unable to connect to device ied1 because java.net.ConnectException: Connection refused: connect.
Will try again in 60000 ms.
26.02.05 10:19:13.188 [OpenMUC Data Manager Pool - thread-10] INFO  o.o.f.a.g.i.i.Iec61850InputHandler - Invalid flag WAITING_FOR_CONNECTION_RETRY for iec61850_measurement1
26.02.05 10:19:13.188 [OpenMUC Data Manager Pool - thread-7] INFO  o.o.f.a.g.i.i.Iec61850InputHandler - Invalid flag WAITING_FOR_CONNECTION_RETRY for iec61850_measurement3
26.02.05 10:19:13.188 [OpenMUC Data Manager Pool - thread-9] INFO  o.o.f.a.g.i.i.Iec61850InputHandler - Invalid flag WAITING_FOR_CONNECTION_RETRY for iec61850_measurement2
26.02.05 10:19:13.188 [OpenMUC Data Manager Pool - thread-8] INFO  o.o.f.a.g.i.i.Iec61850InputHandler - Invalid flag WAITING_FOR_CONNECTION_RETRY for iec61850_measurement5
26.02.05 10:19:13.188 [OpenMUC Data Manager Pool - thread-1] INFO  o.o.f.a.g.i.i.Iec61850InputHandler - Invalid flag WAITING_FOR_CONNECTION_RETRY for iec61850_measurement4
26.02.05 10:19:49.361 [qtp804987357-1586] INFO  o.o.f.webui.base.WebUiBaseServlet - /login
26.02.05 10:20:13.188 [OpenMUC Data Manager Pool - thread-10] INFO  o.o.f.a.g.i.i.Iec61850InputHandler - Invalid flag CONNECTING for iec61850_measurement5
26.02.05 10:20:13.188 [OpenMUC Data Manager Pool - thread-8] INFO  o.o.f.a.g.i.i.Iec61850InputHandler - Invalid flag CONNECTING for iec61850_measurement1
26.02.05 10:20:13.188 [OpenMUC Data Manager Pool - thread-7] INFO  o.o.f.a.g.i.i.Iec61850InputHandler - Invalid flag CONNECTING for iec61850_measurement4
26.02.05 10:20:13.188 [OpenMUC Data Manager Pool - thread-9] INFO  o.o.f.a.g.i.i.Iec61850InputHandler - Invalid flag CONNECTING for iec61850_measurement3
26.02.05 10:20:13.188 [OpenMUC Data Manager Pool - thread-1] INFO  o.o.f.a.g.i.i.Iec61850InputHandler - Invalid flag CONNECTING for iec61850_measurement2
26.02.05 10:20:13.190 [OpenMUC Data Manager Pool - thread-11] WARN  o.o.f.core.datamanager.ConnectTask - Unable to connect to device ied1 because java.net.ConnectException: Connection refused: connect.
Will try again in 60000 ms.
26.02.05 10:20:13.190 [OpenMUC Data Manager Pool - thread-9] INFO  o.o.f.a.g.i.i.Iec61850InputHandler - Invalid flag WAITING_FOR_CONNECTION_RETRY for iec61850_measurement3
26.02.05 10:20:13.190 [OpenMUC Data Manager Pool - thread-11] INFO  o.o.f.a.g.i.i.Iec61850InputHandler - Invalid flag WAITING_FOR_CONNECTION_RETRY for iec61850_measurement1
26.02.05 10:20:13.190 [OpenMUC Data Manager Pool - thread-1] INFO  o.o.f.a.g.i.i.Iec61850InputHandler - Invalid flag WAITING_FOR_CONNECTION_RETRY for iec61850_measurement2
26.02.05 10:20:13.190 [OpenMUC Data Manager Pool - thread-7] INFO  o.o.f.a.g.i.i.Iec61850InputHandler - Invalid flag WAITING_FOR_CONNECTION_RETRY for iec61850_measurement4
26.02.05 10:20:13.190 [OpenMUC Data Manager Pool - thread-8] INFO  o.o.f.a.g.i.i.Iec61850InputHandler - Invalid flag WAITING_FOR_CONNECTION_RETRY for iec61850_measurement5
26.02.05 10:21:13.222 [OpenMUC Data Manager Pool - thread-15] WARN  o.o.f.core.datamanager.ConnectTask - Unable to connect to device ied1 because java.net.ConnectException: Connection refused: connect.
Will try again in 60000 ms.
26.02.05 10:21:13.213 [OpenMUC Data Manager Pool - thread-8] INFO  o.o.f.a.g.i.i.Iec61850InputHandler - Invalid flag CONNECTING for iec61850_measurement1
26.02.05 10:21:13.220 [OpenMUC Data Manager Pool - thread-14] INFO  o.o.f.a.g.i.i.Iec61850InputHandler - Invalid flag CONNECTING for iec61850_measurement5
26.02.05 10:21:13.224 [OpenMUC Data Manager Pool - thread-12] INFO  o.o.f.a.g.i.i.Iec61850InputHandler - Invalid flag CONNECTING for iec61850_measurement3
26.02.05 10:21:13.231 [OpenMUC Data Manager Pool - thread-8] INFO  o.o.f.a.g.i.i.Iec61850InputHandler - Invalid flag WAITING_FOR_CONNECTION_RETRY for iec61850_measurement5
26.02.05 10:21:13.214 [OpenMUC Data Manager Pool - thread-7] INFO  o.o.f.a.g.i.i.Iec61850InputHandler - Invalid flag CONNECTING for iec61850_measurement2
26.02.05 10:21:13.228 [OpenMUC Data Manager Pool - thread-15] INFO  o.o.f.a.g.i.i.Iec61850InputHandler - Invalid flag WAITING_FOR_CONNECTION_RETRY for iec61850_measurement1
26.02.05 10:21:13.230 [OpenMUC Data Manager Pool - thread-14] INFO  o.o.f.a.g.i.i.Iec61850InputHandler - Invalid flag WAITING_FOR_CONNECTION_RETRY for iec61850_measurement4
26.02.05 10:21:13.236 [OpenMUC Data Manager Pool - thread-13] INFO  o.o.f.a.g.i.i.Iec61850InputHandler - Invalid flag CONNECTING for iec61850_measurement4
26.02.05 10:21:13.238 [OpenMUC Data Manager Pool - thread-17] INFO  o.o.f.a.g.i.i.Iec61850InputHandler - Invalid flag WAITING_FOR_CONNECTION_RETRY for iec61850_measurement3
26.02.05 10:21:13.238 [OpenMUC Data Manager Pool - thread-16] INFO  o.o.f.a.g.i.i.Iec61850InputHandler - Invalid flag WAITING_FOR_CONNECTION_RETRY for iec61850_measurement2
26.02.05 10:22:13.388 [OpenMUC Data Manager Pool - thread-14] INFO  o.o.f.a.g.i.i.Iec61850InputHandler - Invalid flag CONNECTING for iec61850_measurement3
26.02.05 10:22:13.388 [OpenMUC Data Manager Pool - thread-15] INFO  o.o.f.a.g.i.i.Iec61850InputHandler - Invalid flag CONNECTING for iec61850_measurement4
26.02.05 10:22:13.393 [OpenMUC Data Manager Pool - thread-16] INFO  o.o.f.a.g.i.i.Iec61850InputHandler - Invalid flag CONNECTING for iec61850_measurement2
26.02.05 10:22:13.393 [OpenMUC Data Manager Pool - thread-17] INFO  o.o.f.a.g.i.i.Iec61850InputHandler - Invalid flag CONNECTING for iec61850_measurement1
26.02.05 10:22:13.450 [OpenMUC Data Manager Pool - thread-18] INFO  o.o.f.a.g.i.i.Iec61850InputHandler - Invalid flag CONNECTING for iec61850_measurement5
26.02.05 10:22:13.663 [OpenMUC Data Manager Pool - thread-19] WARN  o.o.f.core.datamanager.ConnectTask - Unable to connect to device ied1 because java.net.ConnectException: Connection refused: connect.
Will try again in 60000 ms.
26.02.05 10:22:13.678 [OpenMUC Data Manager Pool - thread-18] INFO  o.o.f.a.g.i.i.Iec61850InputHandler - Invalid flag WAITING_FOR_CONNECTION_RETRY for iec61850_measurement2
26.02.05 10:22:13.678 [OpenMUC Data Manager Pool - thread-15] INFO  o.o.f.a.g.i.i.Iec61850InputHandler - Invalid flag WAITING_FOR_CONNECTION_RETRY for iec61850_measurement5
26.02.05 10:22:13.678 [OpenMUC Data Manager Pool - thread-19] INFO  o.o.f.a.g.i.i.Iec61850InputHandler - Invalid flag WAITING_FOR_CONNECTION_RETRY for iec61850_measurement1
26.02.05 10:22:13.678 [OpenMUC Data Manager Pool - thread-17] INFO  o.o.f.a.g.i.i.Iec61850InputHandler - Invalid flag WAITING_FOR_CONNECTION_RETRY for iec61850_measurement3
26.02.05 10:22:13.678 [OpenMUC Data Manager Pool - thread-16] INFO  o.o.f.a.g.i.i.Iec61850InputHandler - Invalid flag WAITING_FOR_CONNECTION_RETRY for iec61850_measurement4
26.02.05 10:23:13.682 [OpenMUC Data Manager Pool - thread-17] INFO  o.o.f.a.g.i.i.Iec61850InputHandler - Invalid flag CONNECTING for iec61850_measurement2
26.02.05 10:23:13.682 [OpenMUC Data Manager Pool - thread-16] INFO  o.o.f.a.g.i.i.Iec61850InputHandler - Invalid flag CONNECTING for iec61850_measurement1
26.02.05 10:23:13.689 [OpenMUC Data Manager Pool - thread-20] INFO  o.o.f.a.g.i.i.Iec61850InputHandler - Invalid flag CONNECTING for iec61850_measurement3
26.02.05 10:23:13.694 [OpenMUC Data Manager Pool - thread-22] INFO  o.o.f.a.g.i.i.Iec61850InputHandler - Invalid flag CONNECTING for iec61850_measurement5
26.02.05 10:23:13.697 [OpenMUC Data Manager Pool - thread-21] INFO  o.o.f.a.g.i.i.Iec61850InputHandler - Invalid flag CONNECTING for iec61850_measurement4
26.02.05 10:23:13.711 [OpenMUC Data Manager Pool - thread-23] WARN  o.o.f.core.datamanager.ConnectTask - Unable to connect to device ied1 because java.net.ConnectException: Connection refused: connect.
Will try again in 60000 ms.
26.02.05 10:23:13.713 [OpenMUC Data Manager Pool - thread-20] INFO  o.o.f.a.g.i.i.Iec61850InputHandler - Invalid flag WAITING_FOR_CONNECTION_RETRY for iec61850_measurement3
26.02.05 10:23:13.713 [OpenMUC Data Manager Pool - thread-21] INFO  o.o.f.a.g.i.i.Iec61850InputHandler - Invalid flag WAITING_FOR_CONNECTION_RETRY for iec61850_measurement1
26.02.05 10:23:13.713 [OpenMUC Data Manager Pool - thread-22] INFO  o.o.f.a.g.i.i.Iec61850InputHandler - Invalid flag WAITING_FOR_CONNECTION_RETRY for iec61850_measurement2
26.02.05 10:23:13.713 [OpenMUC Data Manager Pool - thread-16] INFO  o.o.f.a.g.i.i.Iec61850InputHandler - Invalid flag WAITING_FOR_CONNECTION_RETRY for iec61850_measurement4
26.02.05 10:23:13.713 [OpenMUC Data Manager Pool - thread-17] INFO  o.o.f.a.g.i.i.Iec61850InputHandler - Invalid flag WAITING_FOR_CONNECTION_RETRY for iec61850_measurement5
26.02.05 10:23:46.812 [FelixStartLevel] INFO  o.o.framework.webui.base.WebUiBase - Deactivating WebUI Base
26.02.05 10:23:46.830 [FelixStartLevel] INFO  o.o.framework.webui.base.WebUiBase - WebUI plugin deregistered: Channel Access Tool.
26.02.05 10:23:46.831 [FelixStartLevel] INFO  o.o.framework.webui.base.WebUiBase - WebUI plugin deregistered: Channel Configurator.
26.02.05 10:23:46.834 [FelixStartLevel] INFO  o.o.framework.webui.base.WebUiBase - WebUI plugin deregistered: Data Exporter.
26.02.05 10:23:46.836 [FelixStartLevel] INFO  o.o.framework.webui.base.WebUiBase - WebUI plugin deregistered: Data Plotter.
26.02.05 10:23:46.838 [FelixStartLevel] INFO  o.o.framework.webui.base.WebUiBase - WebUI plugin deregistered: Media Viewer.
26.02.05 10:23:46.839 [FelixStartLevel] INFO  o.o.framework.webui.base.WebUiBase - WebUI plugin deregistered: Simple Demo Visualisation.
26.02.05 10:23:46.842 [FelixStartLevel] INFO  o.o.framework.webui.base.WebUiBase - WebUI plugin deregistered: User Configurator.
26.02.05 10:23:46.862 [FelixStartLevel] INFO  o.o.f.server.restws.RestServer - Deactivating REST Server
26.02.05 10:23:46.944 [FelixStartLevel] INFO  o.o.f.core.datamanager.DataManager - Unregistering driver: iec61850.
26.02.05 10:23:46.948 [OpenMUC Data Manager Pool - thread-16] INFO  o.o.f.a.g.i.i.Iec61850InputHandler - Invalid flag DRIVER_UNAVAILABLE for iec61850_measurement1
26.02.05 10:23:46.950 [OpenMUC Data Manager Pool - thread-17] INFO  o.o.f.a.g.i.i.Iec61850InputHandler - Invalid flag DRIVER_UNAVAILABLE for iec61850_measurement2
26.02.05 10:23:46.950 [OpenMUC Data Manager Pool - thread-22] INFO  o.o.f.a.g.i.i.Iec61850InputHandler - Invalid flag DRIVER_UNAVAILABLE for iec61850_measurement3
26.02.05 10:23:46.950 [OpenMUC Data Manager Pool - thread-20] INFO  o.o.f.a.g.i.i.Iec61850InputHandler - Invalid flag DRIVER_UNAVAILABLE for iec61850_measurement5
26.02.05 10:23:46.950 [FelixStartLevel] INFO  o.o.f.core.datamanager.DataManager - Driver unregistered: iec61850
26.02.05 10:23:46.950 [OpenMUC Data Manager Pool - thread-21] INFO  o.o.f.a.g.i.i.Iec61850InputHandler - Invalid flag DRIVER_UNAVAILABLE for iec61850_measurement4
26.02.05 10:23:46.969 [FelixStartLevel] INFO  o.o.f.core.datamanager.DataManager - Unregistering driver: modbus.
26.02.05 10:23:46.971 [OpenMUC Data Manager Pool - thread-21] INFO  o.o.f.a.g.i.m.ModbusTcpInputHandler - Invalid flag DISCONNECTING for modbus_register1
26.02.05 10:23:46.971 [OpenMUC Data Manager Pool - thread-20] INFO  o.o.f.a.g.i.m.ModbusTcpInputHandler - Invalid flag DISCONNECTING for modbus_register2
26.02.05 10:23:46.984 [OpenMUC Data Manager Pool - thread-20] INFO  o.o.f.d.m.tcp.ModbusTCPConnection - Disconnect Modbus TCP device
26.02.05 10:23:46.988 [FelixStartLevel] INFO  o.o.f.core.datamanager.DataManager - Driver unregistered: modbus
26.02.05 10:23:46.988 [OpenMUC Data Manager Pool - thread-20] INFO  o.o.f.a.g.i.m.ModbusTcpInputHandler - Invalid flag DRIVER_UNAVAILABLE for modbus_register1
26.02.05 10:23:46.988 [OpenMUC Data Manager Pool - thread-21] INFO  o.o.f.a.g.i.m.ModbusTcpInputHandler - Invalid flag DRIVER_UNAVAILABLE for modbus_register2
26.02.05 10:23:46.993 [FelixStartLevel] INFO  o.o.f.core.datamanager.DataManager - Unregistering data logger: asciilogger.
26.02.05 10:23:46.995 [FelixStartLevel] INFO  o.o.f.core.datamanager.DataManager - Data logger deregistered: asciilogger
26.02.05 10:23:46.996 [FelixStartLevel] INFO  o.o.f.datalogger.ascii.AsciiLogger - Deactivating Ascii Logger
26.02.05 10:23:47.024 [FelixStartLevel] INFO  o.o.f.a.g.i.i.Iec61850InputHandler - Deactivating IEC61850 Handler...
26.02.05 10:23:47.027 [FelixStartLevel] INFO  o.o.f.a.g.i.i.Iec61850InputHandler - IEC61850 Handler deactivated
26.02.05 10:23:47.032 [FelixStartLevel] INFO  o.o.f.a.g.i.m.ModbusTcpInputHandler - Deactivating Modbus Handler...
26.02.05 10:23:47.036 [FelixStartLevel] INFO  o.o.f.a.g.i.m.ModbusTcpInputHandler - Modbus Handler deactivated
26.02.05 10:23:47.043 [FelixStartLevel] INFO  o.o.f.a.g.output.iec104.Iec104Server - ========================================
26.02.05 10:23:47.044 [FelixStartLevel] INFO  o.o.f.a.g.output.iec104.Iec104Server - Deactivating IEC 104 Server...
26.02.05 10:23:47.044 [FelixStartLevel] INFO  o.o.f.a.g.output.iec104.Iec104Server - ========================================
26.02.05 10:23:47.046 [FelixStartLevel] INFO  o.o.f.app.gateway.core.DataHolder - Listener removed, remaining=0
26.02.05 10:23:47.053 [FelixStartLevel] INFO  o.o.f.a.g.output.iec104.Iec104Server - Removed DataHolder listener
26.02.05 10:23:47.077 [FelixStartLevel] INFO  o.o.f.a.g.output.iec104.Iec104Server - Closing 0 active connections
26.02.05 10:23:47.078 [FelixStartLevel] INFO  o.o.f.a.g.output.iec104.Iec104Server - All connections closed
26.02.05 10:23:47.080 [FelixStartLevel] INFO  o.o.f.a.g.output.iec104.Iec104Server - j60870 Server stopped
26.02.05 10:23:47.095 [FelixStartLevel] INFO  o.o.f.a.g.output.iec104.Iec104Server - IEC 104 Server deactivated
26.02.05 10:23:47.100 [FelixStartLevel] INFO  o.o.f.core.datamanager.DataManager - Deactivating Data Manager
26.02.05 10:23:47.185 [FelixStartLevel] INFO  org.eclipse.jetty.server.Server - Stopped Server@56e493cb{STOPPING}[11.0.22,sto=0]
26.02.05 10:23:47.217 [FelixStartLevel] INFO  o.e.jetty.server.AbstractConnector - Stopped ServerConnector@51c82639{HTTP/1.1, (http/1.1)}{0.0.0.0:8888}
26.02.05 10:23:47.233 [FelixStartLevel] INFO  o.e.jetty.server.AbstractConnector - Stopped ServerConnector@4eb81319{SSL, (ssl, http/1.1)}{0.0.0.0:8889}
26.02.05 10:23:47.249 [FelixStartLevel] INFO  o.e.j.server.handler.ContextHandler - Stopped o.e.j.s.ServletContextHandler@a70ae0b{/,null,STOPPED}
26.02.05 10:23:47.280 [FelixStartLevel] INFO  org.apache.felix.http - Stopped Jetty
26.02.05 10:24:16.263 [FelixStartLevel] INFO  org.eclipse.jetty.server.Server - jetty-11.0.22; built: 2024-06-27T16:27:26.756Z; git: e711d4c7040cb1e61aa68cb248fa7280b734a3bb; jvm 11.0.27+6
26.02.05 10:24:16.441 [FelixStartLevel] INFO  o.e.j.s.s.DefaultSessionIdManager - Session workerName=node0
26.02.05 10:24:16.494 [FelixStartLevel] INFO  o.e.j.server.handler.ContextHandler - Started o.e.j.s.ServletContextHandler@279475b7{/,null,AVAILABLE}
26.02.05 10:24:16.525 [FelixStartLevel] INFO  org.eclipse.jetty.server.Server - Started Server@53367e38{STARTING}[11.0.22,sto=0] @6573ms
26.02.05 10:24:16.980 [FelixStartLevel] INFO  o.e.jetty.server.AbstractConnector - Started ServerConnector@698c712c{HTTP/1.1, (http/1.1)}{0.0.0.0:8888}
26.02.05 10:24:17.065 [FelixStartLevel] INFO  o.e.jetty.util.ssl.SslContextFactory - x509=X509@619a2e9e(openmuc,h=[openmuc],a=[],w=[]) for Server@40a2a872[provider=null,keyStore=file:///C:/Users/Rightwatts/openmuc/iec-gateway/openmuc/framework/conf/https-certificate.jks,trustStore=null]
26.02.05 10:24:17.227 [FelixStartLevel] INFO  o.e.jetty.server.AbstractConnector - Started ServerConnector@17678224{SSL, (ssl, http/1.1)}{0.0.0.0:8889}
26.02.05 10:24:17.227 [FelixStartLevel] INFO  org.apache.felix.http - Started Jetty 11.0.22 at port(s) HTTP:8888 HTTPS:8889 on context path / [minThreads=8,maxThreads=200,acceptors=1,selectors=4]
26.02.05 10:24:18.353 [FelixStartLevel] INFO  o.o.f.core.datamanager.DataManager - Activating Data Manager with config conf\channels.xml
26.02.05 10:24:18.400 [FelixStartLevel] WARN  o.o.f.core.datamanager.Device - No driver bundle available for configured driver: 'iec61850'.
26.02.05 10:24:18.400 [FelixStartLevel] WARN  o.o.f.core.datamanager.Device - No driver bundle available for configured driver: 'modbus'.
26.02.05 10:24:18.415 [FelixStartLevel] INFO  o.o.f.a.g.i.i.Iec61850InputHandler - Activating IEC 61850 Input Handler...
26.02.05 10:24:18.415 [FelixStartLevel] INFO  o.o.f.app.gateway.core.DataHolder - Initializing DataHolder...
26.02.05 10:24:18.415 [FelixStartLevel] INFO  o.o.f.app.gateway.core.DataHolder - DataHolder initialized (capacity: 6000, async enabled)
26.02.05 10:24:18.415 [DataHolder-NotificationProcessor] INFO  o.o.f.app.gateway.core.DataHolder - Notification processor started
26.02.05 10:24:18.415 [FelixStartLevel] INFO  o.o.f.a.g.i.m.ModbusTcpInputHandler - Activating Modbus TCP Input Handler...
26.02.05 10:24:18.431 [FelixStartLevel] INFO  o.o.f.a.g.output.iec104.Iec104Server - Activating IEC 104 Server...
26.02.05 10:24:18.446 [FelixStartLevel] INFO  o.o.f.a.g.output.iec104.Iec104Server - j60870 Server started successfully
26.02.05 10:24:18.446 [FelixStartLevel] INFO  o.o.f.app.gateway.core.DataHolder - Listener added, total=1
26.02.05 10:24:18.446 [FelixStartLevel] INFO  o.o.f.a.g.output.iec104.Iec104Server - Registered for spontaneous data updates
26.02.05 10:24:18.446 [FelixStartLevel] INFO  o.o.f.a.g.output.iec104.Iec104Server - IEC 104 Server activated successfully
26.02.05 10:24:18.446 [FelixStartLevel] INFO  o.o.f.a.g.output.iec104.Iec104Server - Listening on 0.0.0.0:2404
26.02.05 10:24:18.469 [FelixStartLevel] INFO  o.o.f.datalogger.ascii.AsciiLogger - Activating Ascii Logger
26.02.05 10:24:18.469 [OpenMUC Data Manager] INFO  o.o.f.core.datamanager.DataManager - Data logger registered: asciilogger
26.02.05 10:24:18.522 [OpenMUC Data Manager] INFO  o.o.f.core.datamanager.DataManager - Driver registered: iec61850
26.02.05 10:24:18.551 [OpenMUC Data Manager] INFO  o.o.f.core.datamanager.DataManager - Driver registered: modbus
26.02.05 10:24:18.561 [OpenMUC Data Manager Pool - thread-2] INFO  o.o.f.driver.modbus.ModbusDriver - Set sampling timeout to 3000 ms.
26.02.05 10:24:18.562 [FelixStartLevel] INFO  o.o.f.lib.ssl.SslManagerComponent - SSL Component activated
26.02.05 10:24:18.620 [OpenMUC Data Manager Pool - thread-1] WARN  o.o.f.core.datamanager.ConnectTask - Unable to connect to device ied1 because java.net.ConnectException: Connection refused: connect.
Will try again in 60000 ms.
26.02.05 10:24:18.622 [OpenMUC Data Manager Pool - thread-2] INFO  o.o.f.d.m.tcp.ModbusTCPConnection - Modbus Device: 127.0.0.1:502 connected
26.02.05 10:24:18.892 [FelixStartLevel] INFO  o.o.f.server.restws.RestServer - Activating REST Server
26.02.05 10:24:18.920 [FelixStartLevel] WARN  o.o.framework.webui.base.WebUiBase - Can't register WebUI plugin Channel Access Tool.
26.02.05 10:24:18.921 [FelixStartLevel] WARN  o.o.framework.webui.base.WebUiBase - Can't register WebUI plugin Channel Configurator.
26.02.05 10:24:18.922 [FelixStartLevel] WARN  o.o.framework.webui.base.WebUiBase - Can't register WebUI plugin Data Exporter.
26.02.05 10:24:18.925 [FelixStartLevel] WARN  o.o.framework.webui.base.WebUiBase - Can't register WebUI plugin Data Plotter.
26.02.05 10:24:18.927 [FelixStartLevel] WARN  o.o.framework.webui.base.WebUiBase - Can't register WebUI plugin Media Viewer.
26.02.05 10:24:18.928 [FelixStartLevel] WARN  o.o.framework.webui.base.WebUiBase - Can't register WebUI plugin Simple Demo Visualisation.
26.02.05 10:24:18.929 [FelixStartLevel] WARN  o.o.framework.webui.base.WebUiBase - Can't register WebUI plugin User Configurator.
26.02.05 10:24:18.930 [FelixStartLevel] INFO  o.o.framework.webui.base.WebUiBase - Activating WebUI Base
26.02.05 10:24:18.939 [FelixStartLevel] INFO  o.o.framework.webui.base.WebUiBase - WebUI plugin registered: Channel Configurator
26.02.05 10:24:18.941 [FelixStartLevel] INFO  o.o.framework.webui.base.WebUiBase - WebUI plugin registered: Channel Access Tool
26.02.05 10:24:18.943 [FelixStartLevel] INFO  o.o.framework.webui.base.WebUiBase - WebUI plugin registered: Data Plotter
26.02.05 10:24:18.944 [FelixStartLevel] INFO  o.o.framework.webui.base.WebUiBase - WebUI plugin registered: Media Viewer
26.02.05 10:24:18.946 [FelixStartLevel] INFO  o.o.framework.webui.base.WebUiBase - WebUI plugin registered: Simple Demo Visualisation
26.02.05 10:24:18.947 [FelixStartLevel] INFO  o.o.framework.webui.base.WebUiBase - WebUI plugin registered: User Configurator
26.02.05 10:24:18.948 [FelixStartLevel] INFO  o.o.framework.webui.base.WebUiBase - WebUI plugin registered: Data Exporter
26.02.05 10:24:19.042 [FelixStartLevel] INFO  org.apache.felix.webconsole - Servlet 3 bridge enabled
26.02.05 10:24:21.424 [Iec61850-Init] INFO  o.o.f.a.g.i.i.Iec61850InputHandler - Found 7 channels in OpenMUC
26.02.05 10:24:21.424 [Modbus-Init] INFO  o.o.f.a.g.i.m.ModbusTcpInputHandler - Found 7 channels in OpenMUC
26.02.05 10:24:21.428 [Modbus-Init] INFO  o.o.f.a.g.i.m.ModbusTcpInputHandler - Modbus: modbus_register1 - IOA 3001 (scale=1.0)
26.02.05 10:24:21.428 [Iec61850-Init] INFO  o.o.f.a.g.i.i.Iec61850InputHandler - IEC61850: iec61850_measurement4 - IOA 1004
26.02.05 10:24:21.428 [Iec61850-Init] INFO  o.o.f.a.g.i.i.Iec61850InputHandler - IEC61850: iec61850_measurement5 - IOA 1005
26.02.05 10:24:21.428 [Modbus-Init] INFO  o.o.f.a.g.i.m.ModbusTcpInputHandler - Modbus: modbus_register2 - IOA 3002 (scale=1.0)
26.02.05 10:24:21.428 [Iec61850-Init] INFO  o.o.f.a.g.i.i.Iec61850InputHandler - IEC61850: iec61850_measurement2 - IOA 1002
26.02.05 10:24:21.429 [Modbus-Init] INFO  o.o.f.a.g.i.m.ModbusTcpInputHandler - Modbus Init: 2 OK, 0 Failed, 0 Skipped
26.02.05 10:24:21.429 [Iec61850-Init] INFO  o.o.f.a.g.i.i.Iec61850InputHandler - IEC61850: iec61850_measurement3 - IOA 1003
26.02.05 10:24:21.429 [Iec61850-Init] INFO  o.o.f.a.g.i.i.Iec61850InputHandler - IEC61850: iec61850_measurement1 - IOA 1001
26.02.05 10:24:21.430 [Iec61850-Init] INFO  o.o.f.a.g.i.i.Iec61850InputHandler - IEC61850 Init: 5 OK, 0 Failed, 0 Skipped
26.02.05 10:24:23.541 [CM Configuration Updater (Update: pid=org.openmuc.framework.lib.ssl.SslManager)] INFO  o.o.framework.lib.ssl.SslManager - Successfully loaded
26.02.05 10:24:25.008 [OpenMUC Data Manager Pool - thread-1] INFO  o.o.f.app.gateway.core.DataHolder - New point: IOA=3002, value=66.0, total=2
26.02.05 10:24:25.008 [OpenMUC Data Manager Pool - thread-2] INFO  o.o.f.app.gateway.core.DataHolder - New point: IOA=3001, value=44.0, total=1
26.02.05 10:25:18.641 [OpenMUC Data Manager Pool - thread-1] WARN  o.o.f.core.datamanager.ConnectTask - Unable to connect to device ied1 because java.net.ConnectException: Connection refused: connect.
Will try again in 60000 ms.
26.02.05 10:26:35.046 [OpenMUC Data Manager Pool - thread-1] INFO  o.o.f.app.gateway.core.DataHolder - New point: IOA=1001, value=44.0, total=7
26.02.05 10:26:35.045 [OpenMUC Data Manager Pool - thread-4] INFO  o.o.f.app.gateway.core.DataHolder - New point: IOA=1004, value=1.0, total=6
26.02.05 10:26:35.045 [OpenMUC Data Manager Pool - thread-5] INFO  o.o.f.app.gateway.core.DataHolder - New point: IOA=1005, value=0.0, total=6
26.02.05 10:26:35.045 [OpenMUC Data Manager Pool - thread-3] INFO  o.o.f.app.gateway.core.DataHolder - New point: IOA=1003, value=5.0, total=6
26.02.05 10:26:35.045 [OpenMUC Data Manager Pool - thread-2] INFO  o.o.f.app.gateway.core.DataHolder - New point: IOA=1002, value=0.0, total=6
26.02.05 10:27:20.014 [OpenMUC Data Manager Pool - thread-3] INFO  o.o.f.app.gateway.core.DataHolder - Updated: IOA=1001, 44.0 -> 60.0
26.02.05 10:28:15.007 [OpenMUC Data Manager Pool - thread-1] INFO  o.o.f.app.gateway.core.DataHolder - Updated: IOA=3001, 44.0 -> 3.0
26.02.05 10:40:23.359 [ConnectionHandler] INFO  o.o.f.a.g.output.iec104.Iec104Server - New client connection from: org.openmuc.j60870.Connection@42608d52
26.02.05 10:40:23.398 [ConnectionHandler] INFO  o.o.f.a.g.o.i.Iec104ConnectionHandler - Connection handler created: client-1770268223393
26.02.05 10:40:23.401 [ConnectionHandler] INFO  o.o.f.a.g.output.iec104.Iec104Server - Client connected successfully: org.openmuc.j60870.Connection@42608d52 (total active: 1)
26.02.05 10:40:23.417 [ConnectionReader] INFO  o.o.f.a.g.o.i.Iec104ConnectionHandler - Data transfer started for client-1770268223393
26.02.05 10:40:23.495 [aSduListener] INFO  o.o.f.a.g.o.i.Iec104ConnectionHandler - General Interrogation from client-1770268223393
26.02.05 10:40:23.498 [aSduListener] INFO  o.o.f.a.g.o.i.Iec104ConnectionHandler - Sending 7 data points
26.02.05 10:40:23.507 [aSduListener] INFO  o.o.f.a.g.o.i.Iec104ConnectionHandler - GI complete: 7 points sent
26.02.05 10:40:23.542 [aSduListener] WARN  o.o.f.a.g.o.i.Iec104ConnectionHandler - Unsupported ASDU type: C_CI_NA_1
26.02.05 10:41:10.013 [OpenMUC Data Manager Pool - thread-8] INFO  o.o.f.app.gateway.core.DataHolder - Updated: IOA=3001, 3.0 -> 88.0
26.02.05 10:46:50.010 [OpenMUC Data Manager Pool - thread-10] INFO  o.o.f.app.gateway.core.DataHolder - Updated: IOA=3001, 88.0 -> 77.0
26.02.05 10:59:25.483 [ConnectionReader] WARN  o.o.f.a.g.o.i.Iec104ConnectionHandler - Connection client-1770268223393 closed with error: Connection reset
26.02.05 10:59:25.522 [ConnectionReader] INFO  o.o.f.a.g.output.iec104.Iec104Server - Client disconnected: client-1770268223393 (remaining: 0)
26.02.05 11:00:50.023 [OpenMUC Data Manager Pool - thread-8] INFO  o.o.f.app.gateway.core.DataHolder - Updated: IOA=3001, 77.0 -> 99.0
26.02.05 11:08:18.300 [ConnectionHandler] INFO  o.o.f.a.g.output.iec104.Iec104Server - New client connection from: org.openmuc.j60870.Connection@720662a2
26.02.05 11:08:18.330 [ConnectionHandler] INFO  o.o.f.a.g.o.i.Iec104ConnectionHandler - Connection handler created: client-1770269898330
26.02.05 11:08:18.330 [ConnectionHandler] INFO  o.o.f.a.g.output.iec104.Iec104Server - Client connected successfully: org.openmuc.j60870.Connection@720662a2 (total active: 1)
26.02.05 11:08:18.340 [ConnectionReader] INFO  o.o.f.a.g.o.i.Iec104ConnectionHandler - Data transfer started for client-1770269898330
26.02.05 11:08:18.441 [aSduListener] INFO  o.o.f.a.g.o.i.Iec104ConnectionHandler - General Interrogation from client-1770269898330
26.02.05 11:08:18.452 [aSduListener] INFO  o.o.f.a.g.o.i.Iec104ConnectionHandler - Sending 7 data points
26.02.05 11:08:18.460 [aSduListener] INFO  o.o.f.a.g.o.i.Iec104ConnectionHandler - GI complete: 7 points sent
26.02.05 11:08:18.500 [aSduListener] WARN  o.o.f.a.g.o.i.Iec104ConnectionHandler - Unsupported ASDU type: C_CI_NA_1
26.02.05 11:08:57.529 [ConnectionReader] WARN  o.o.f.a.g.o.i.Iec104ConnectionHandler - Connection client-1770269898330 closed with error: Connection was closed by remote.
26.02.05 11:08:57.529 [ConnectionReader] INFO  o.o.f.a.g.output.iec104.Iec104Server - Client disconnected: client-1770269898330 (remaining: 0)
26.02.05 11:09:11.593 [ConnectionHandler] INFO  o.o.f.a.g.output.iec104.Iec104Server - New client connection from: org.openmuc.j60870.Connection@333b6899
26.02.05 11:09:11.593 [ConnectionHandler] INFO  o.o.f.a.g.o.i.Iec104ConnectionHandler - Connection handler created: client-1770269951593
26.02.05 11:09:11.593 [ConnectionHandler] INFO  o.o.f.a.g.output.iec104.Iec104Server - Client connected successfully: org.openmuc.j60870.Connection@333b6899 (total active: 1)
26.02.05 11:09:11.609 [ConnectionReader] INFO  o.o.f.a.g.o.i.Iec104ConnectionHandler - Data transfer started for client-1770269951593
26.02.05 11:09:11.725 [aSduListener] INFO  o.o.f.a.g.o.i.Iec104ConnectionHandler - General Interrogation from client-1770269951593
26.02.05 11:09:11.725 [aSduListener] INFO  o.o.f.a.g.o.i.Iec104ConnectionHandler - Sending 7 data points
26.02.05 11:09:11.725 [aSduListener] INFO  o.o.f.a.g.o.i.Iec104ConnectionHandler - GI complete: 7 points sent
26.02.05 11:09:11.778 [aSduListener] WARN  o.o.f.a.g.o.i.Iec104ConnectionHandler - Unsupported ASDU type: C_CI_NA_1
26.02.05 11:20:04.003 [ConnectionReader] WARN  o.o.f.a.g.o.i.Iec104ConnectionHandler - Connection client-1770269951593 closed with error: Connection was closed by remote.
26.02.05 11:20:04.039 [ConnectionReader] INFO  o.o.f.a.g.output.iec104.Iec104Server - Client disconnected: client-1770269951593 (remaining: 0)
26.02.05 11:20:24.818 [FelixStartLevel] INFO  o.o.f.server.restws.RestServer - Deactivating REST Server
26.02.05 11:20:24.832 [FelixStartLevel] INFO  o.o.framework.webui.base.WebUiBase - Deactivating WebUI Base
26.02.05 11:20:24.841 [FelixStartLevel] INFO  o.o.framework.webui.base.WebUiBase - WebUI plugin deregistered: Channel Access Tool.
26.02.05 11:20:24.841 [FelixStartLevel] INFO  o.o.framework.webui.base.WebUiBase - WebUI plugin deregistered: Channel Configurator.
26.02.05 11:20:24.842 [FelixStartLevel] INFO  o.o.framework.webui.base.WebUiBase - WebUI plugin deregistered: Data Exporter.
26.02.05 11:20:24.842 [FelixStartLevel] INFO  o.o.framework.webui.base.WebUiBase - WebUI plugin deregistered: Data Plotter.
26.02.05 11:20:24.843 [FelixStartLevel] INFO  o.o.framework.webui.base.WebUiBase - WebUI plugin deregistered: Media Viewer.
26.02.05 11:20:24.843 [FelixStartLevel] INFO  o.o.framework.webui.base.WebUiBase - WebUI plugin deregistered: Simple Demo Visualisation.
26.02.05 11:20:24.844 [FelixStartLevel] INFO  o.o.framework.webui.base.WebUiBase - WebUI plugin deregistered: User Configurator.
26.02.05 11:20:24.865 [FelixStartLevel] INFO  o.o.f.core.datamanager.DataManager - Unregistering driver: modbus.
26.02.05 11:20:24.868 [OpenMUC Data Manager Pool - thread-8] INFO  o.o.f.a.g.i.m.ModbusTcpInputHandler - Invalid flag DISCONNECTING for modbus_register2
26.02.05 11:20:24.868 [OpenMUC Data Manager Pool - thread-19] INFO  o.o.f.a.g.i.m.ModbusTcpInputHandler - Invalid flag DISCONNECTING for modbus_register1
26.02.05 11:20:24.878 [OpenMUC Data Manager Pool - thread-21] INFO  o.o.f.d.m.tcp.ModbusTCPConnection - Disconnect Modbus TCP device
26.02.05 11:20:24.880 [OpenMUC Data Manager Pool - thread-21] INFO  o.o.f.a.g.i.m.ModbusTcpInputHandler - Invalid flag DRIVER_UNAVAILABLE for modbus_register1
26.02.05 11:20:24.880 [OpenMUC Data Manager Pool - thread-19] INFO  o.o.f.a.g.i.m.ModbusTcpInputHandler - Invalid flag DRIVER_UNAVAILABLE for modbus_register2
26.02.05 11:20:24.880 [FelixStartLevel] INFO  o.o.f.core.datamanager.DataManager - Driver unregistered: modbus
26.02.05 11:20:24.880 [FelixStartLevel] INFO  o.o.f.core.datamanager.DataManager - Unregistering data logger: asciilogger.
26.02.05 11:20:24.880 [FelixStartLevel] INFO  o.o.f.core.datamanager.DataManager - Data logger deregistered: asciilogger
26.02.05 11:20:24.880 [FelixStartLevel] INFO  o.o.f.datalogger.ascii.AsciiLogger - Deactivating Ascii Logger
26.02.05 11:20:24.896 [FelixStartLevel] INFO  o.o.f.a.g.i.i.Iec61850InputHandler - Deactivating IEC61850 Handler...
26.02.05 11:20:24.896 [FelixStartLevel] INFO  o.o.f.a.g.i.i.Iec61850InputHandler - IEC61850 Handler deactivated
26.02.05 11:20:24.896 [FelixStartLevel] INFO  o.o.f.a.g.i.m.ModbusTcpInputHandler - Deactivating Modbus Handler...
26.02.05 11:20:24.896 [FelixStartLevel] INFO  o.o.f.a.g.i.m.ModbusTcpInputHandler - Modbus Handler deactivated
26.02.05 11:20:24.896 [FelixStartLevel] INFO  o.o.f.a.g.output.iec104.Iec104Server - ========================================
26.02.05 11:20:24.896 [FelixStartLevel] INFO  o.o.f.a.g.output.iec104.Iec104Server - Deactivating IEC 104 Server...
26.02.05 11:20:24.896 [FelixStartLevel] INFO  o.o.f.a.g.output.iec104.Iec104Server - ========================================
26.02.05 11:20:24.911 [FelixStartLevel] INFO  o.o.f.app.gateway.core.DataHolder - Listener removed, remaining=0
26.02.05 11:20:24.911 [FelixStartLevel] INFO  o.o.f.a.g.output.iec104.Iec104Server - Removed DataHolder listener
26.02.05 11:20:24.911 [FelixStartLevel] INFO  o.o.f.a.g.output.iec104.Iec104Server - Closing 0 active connections
26.02.05 11:20:24.911 [FelixStartLevel] INFO  o.o.f.a.g.output.iec104.Iec104Server - All connections closed
26.02.05 11:20:24.911 [FelixStartLevel] INFO  o.o.f.a.g.output.iec104.Iec104Server - j60870 Server stopped
26.02.05 11:20:24.911 [FelixStartLevel] INFO  o.o.f.a.g.output.iec104.Iec104Server - IEC 104 Server deactivated
26.02.05 11:20:24.927 [FelixStartLevel] INFO  o.o.f.core.datamanager.DataManager - Deactivating Data Manager
26.02.05 11:20:24.927 [FelixStartLevel] INFO  o.o.f.core.datamanager.DataManager - Unregistering driver: iec61850.
26.02.05 11:20:24.927 [FelixStartLevel] INFO  o.o.f.core.datamanager.DataManager - Driver unregistered: iec61850
26.02.05 11:20:24.978 [FelixStartLevel] INFO  org.eclipse.jetty.server.Server - Stopped Server@53367e38{STOPPING}[11.0.22,sto=0]
26.02.05 11:20:24.998 [FelixStartLevel] INFO  o.e.jetty.server.AbstractConnector - Stopped ServerConnector@698c712c{HTTP/1.1, (http/1.1)}{0.0.0.0:8888}
26.02.05 11:20:25.017 [FelixStartLevel] INFO  o.e.jetty.server.AbstractConnector - Stopped ServerConnector@17678224{SSL, (ssl, http/1.1)}{0.0.0.0:8889}
26.02.05 11:20:25.033 [FelixStartLevel] INFO  o.e.j.server.handler.ContextHandler - Stopped o.e.j.s.ServletContextHandler@279475b7{/,null,STOPPED}
26.02.05 11:20:25.064 [FelixStartLevel] INFO  org.apache.felix.http - Stopped Jetty
26.02.05 11:20:39.381 [FelixStartLevel] INFO  org.eclipse.jetty.server.Server - jetty-11.0.22; built: 2024-06-27T16:27:26.756Z; git: e711d4c7040cb1e61aa68cb248fa7280b734a3bb; jvm 11.0.27+6
26.02.05 11:20:39.566 [FelixStartLevel] INFO  o.e.j.s.s.DefaultSessionIdManager - Session workerName=node0
26.02.05 11:20:39.619 [FelixStartLevel] INFO  o.e.j.server.handler.ContextHandler - Started o.e.j.s.ServletContextHandler@47ae63f4{/,null,AVAILABLE}
26.02.05 11:20:39.635 [FelixStartLevel] INFO  org.eclipse.jetty.server.Server - Started Server@6df1e705{STARTING}[11.0.22,sto=0] @3665ms
26.02.05 11:20:40.121 [FelixStartLevel] INFO  o.e.jetty.server.AbstractConnector - Started ServerConnector@3f92fb1e{HTTP/1.1, (http/1.1)}{0.0.0.0:8888}
26.02.05 11:20:40.214 [FelixStartLevel] INFO  o.e.jetty.util.ssl.SslContextFactory - x509=X509@31182895(openmuc,h=[openmuc],a=[],w=[]) for Server@495b6dff[provider=null,keyStore=file:///C:/Users/Rightwatts/openmuc/iec-gateway/openmuc/framework/conf/https-certificate.jks,trustStore=null]
26.02.05 11:20:40.387 [FelixStartLevel] INFO  o.e.jetty.server.AbstractConnector - Started ServerConnector@692bebbb{SSL, (ssl, http/1.1)}{0.0.0.0:8889}
26.02.05 11:20:40.387 [FelixStartLevel] INFO  org.apache.felix.http - Started Jetty 11.0.22 at port(s) HTTP:8888 HTTPS:8889 on context path / [minThreads=8,maxThreads=200,acceptors=1,selectors=4]
26.02.05 11:20:41.597 [FelixStartLevel] INFO  o.o.f.core.datamanager.DataManager - Activating Data Manager with config conf\channels.xml
26.02.05 11:20:41.644 [FelixStartLevel] WARN  o.o.f.core.datamanager.Device - No driver bundle available for configured driver: 'iec61850'.
26.02.05 11:20:41.644 [FelixStartLevel] WARN  o.o.f.core.datamanager.Device - No driver bundle available for configured driver: 'modbus'.
26.02.05 11:20:41.659 [FelixStartLevel] INFO  o.o.f.a.g.i.i.Iec61850InputHandler - Activating IEC 61850 Input Handler...
26.02.05 11:20:41.666 [FelixStartLevel] INFO  o.o.f.app.gateway.core.DataHolder - Initializing DataHolder...
26.02.05 11:20:41.670 [FelixStartLevel] INFO  o.o.f.app.gateway.core.DataHolder - DataHolder initialized (capacity: 6000, async enabled)
26.02.05 11:20:41.670 [DataHolder-NotificationProcessor] INFO  o.o.f.app.gateway.core.DataHolder - Notification processor started
26.02.05 11:20:41.676 [FelixStartLevel] INFO  o.o.f.a.g.i.m.ModbusTcpInputHandler - Activating Modbus TCP Input Handler...
26.02.05 11:20:41.697 [FelixStartLevel] INFO  o.o.f.a.g.output.iec104.Iec104Server - Activating IEC 104 Server...
26.02.05 11:20:41.710 [FelixStartLevel] INFO  o.o.f.a.g.output.iec104.Iec104Server - j60870 Server started successfully
26.02.05 11:20:41.711 [FelixStartLevel] INFO  o.o.f.app.gateway.core.DataHolder - Listener added, total=1
26.02.05 11:20:41.713 [FelixStartLevel] INFO  o.o.f.a.g.output.iec104.Iec104Server - Registered for spontaneous data updates
26.02.05 11:20:41.713 [FelixStartLevel] INFO  o.o.f.a.g.output.iec104.Iec104Server - IEC 104 Server activated successfully
26.02.05 11:20:41.713 [FelixStartLevel] INFO  o.o.f.a.g.output.iec104.Iec104Server - Listening on 0.0.0.0:2404
26.02.05 11:20:41.736 [FelixStartLevel] INFO  o.o.f.datalogger.ascii.AsciiLogger - Activating Ascii Logger
26.02.05 11:20:41.739 [OpenMUC Data Manager] INFO  o.o.f.core.datamanager.DataManager - Data logger registered: asciilogger
26.02.05 11:20:41.770 [OpenMUC Data Manager] INFO  o.o.f.core.datamanager.DataManager - Driver registered: iec61850
26.02.05 11:20:41.817 [OpenMUC Data Manager] INFO  o.o.f.core.datamanager.DataManager - Driver registered: modbus
26.02.05 11:20:41.820 [OpenMUC Data Manager Pool - thread-2] INFO  o.o.f.driver.modbus.ModbusDriver - Set sampling timeout to 3000 ms.
26.02.05 11:20:41.830 [FelixStartLevel] INFO  o.o.f.lib.ssl.SslManagerComponent - SSL Component activated
26.02.05 11:20:41.860 [OpenMUC Data Manager Pool - thread-2] INFO  o.o.f.d.m.tcp.ModbusTCPConnection - Modbus Device: 127.0.0.1:502 connected
26.02.05 11:20:42.184 [FelixStartLevel] WARN  o.o.framework.webui.base.WebUiBase - Can't register WebUI plugin Channel Access Tool.
26.02.05 11:20:42.186 [FelixStartLevel] WARN  o.o.framework.webui.base.WebUiBase - Can't register WebUI plugin Channel Configurator.
26.02.05 11:20:42.190 [FelixStartLevel] WARN  o.o.framework.webui.base.WebUiBase - Can't register WebUI plugin Data Exporter.
26.02.05 11:20:42.193 [FelixStartLevel] WARN  o.o.framework.webui.base.WebUiBase - Can't register WebUI plugin Data Plotter.
26.02.05 11:20:42.195 [FelixStartLevel] WARN  o.o.framework.webui.base.WebUiBase - Can't register WebUI plugin Media Viewer.
26.02.05 11:20:42.197 [FelixStartLevel] WARN  o.o.framework.webui.base.WebUiBase - Can't register WebUI plugin Simple Demo Visualisation.
26.02.05 11:20:42.198 [FelixStartLevel] WARN  o.o.framework.webui.base.WebUiBase - Can't register WebUI plugin User Configurator.
26.02.05 11:20:42.199 [FelixStartLevel] INFO  o.o.framework.webui.base.WebUiBase - Activating WebUI Base
26.02.05 11:20:42.229 [FelixStartLevel] INFO  o.o.framework.webui.base.WebUiBase - WebUI plugin registered: Channel Configurator
26.02.05 11:20:42.242 [FelixStartLevel] INFO  o.o.framework.webui.base.WebUiBase - WebUI plugin registered: Channel Access Tool
26.02.05 11:20:42.245 [FelixStartLevel] INFO  o.o.framework.webui.base.WebUiBase - WebUI plugin registered: Data Plotter
26.02.05 11:20:42.247 [FelixStartLevel] INFO  o.o.framework.webui.base.WebUiBase - WebUI plugin registered: Media Viewer
26.02.05 11:20:42.248 [FelixStartLevel] INFO  o.o.framework.webui.base.WebUiBase - WebUI plugin registered: Simple Demo Visualisation
26.02.05 11:20:42.250 [FelixStartLevel] INFO  o.o.framework.webui.base.WebUiBase - WebUI plugin registered: User Configurator
26.02.05 11:20:42.254 [FelixStartLevel] INFO  o.o.framework.webui.base.WebUiBase - WebUI plugin registered: Data Exporter
26.02.05 11:20:42.295 [FelixStartLevel] INFO  o.o.f.server.restws.RestServer - Activating REST Server
26.02.05 11:20:42.401 [FelixStartLevel] INFO  org.apache.felix.webconsole - Servlet 3 bridge enabled
26.02.05 11:20:44.674 [Iec61850-Init] INFO  o.o.f.a.g.i.i.Iec61850InputHandler - Found 7 channels in OpenMUC
26.02.05 11:20:44.678 [Iec61850-Init] INFO  o.o.f.a.g.i.i.Iec61850InputHandler - IEC61850: iec61850_measurement4 - IOA 1004
26.02.05 11:20:44.679 [Iec61850-Init] INFO  o.o.f.a.g.i.i.Iec61850InputHandler - IEC61850: iec61850_measurement5 - IOA 1005
26.02.05 11:20:44.679 [Iec61850-Init] INFO  o.o.f.a.g.i.i.Iec61850InputHandler - IEC61850: iec61850_measurement2 - IOA 1002
26.02.05 11:20:44.680 [Iec61850-Init] INFO  o.o.f.a.g.i.i.Iec61850InputHandler - IEC61850: iec61850_measurement3 - IOA 1003
26.02.05 11:20:44.680 [Iec61850-Init] INFO  o.o.f.a.g.i.i.Iec61850InputHandler - IEC61850: iec61850_measurement1 - IOA 1001
26.02.05 11:20:44.680 [Iec61850-Init] INFO  o.o.f.a.g.i.i.Iec61850InputHandler - IEC61850 Init: 5 OK, 0 Failed, 0 Skipped
26.02.05 11:20:44.689 [Modbus-Init] INFO  o.o.f.a.g.i.m.ModbusTcpInputHandler - Found 7 channels in OpenMUC
26.02.05 11:20:44.690 [Modbus-Init] INFO  o.o.f.a.g.i.m.ModbusTcpInputHandler - Modbus: modbus_register1 - IOA 3001 (scale=1.0)
26.02.05 11:20:44.691 [Modbus-Init] INFO  o.o.f.a.g.i.m.ModbusTcpInputHandler - Modbus: modbus_register2 - IOA 3002 (scale=1.0)
26.02.05 11:20:44.692 [Modbus-Init] INFO  o.o.f.a.g.i.m.ModbusTcpInputHandler - Modbus Init: 2 OK, 0 Failed, 0 Skipped
26.02.05 11:20:45.040 [OpenMUC Data Manager Pool - thread-2] INFO  o.o.f.app.gateway.core.DataHolder - New point: IOA=3001, value=99.0, total=2
26.02.05 11:20:45.040 [OpenMUC Data Manager Pool - thread-3] INFO  o.o.f.app.gateway.core.DataHolder - New point: IOA=3002, value=66.0, total=2
26.02.05 11:20:46.657 [CM Configuration Updater (Update: pid=org.openmuc.framework.lib.ssl.SslManager)] INFO  o.o.framework.lib.ssl.SslManager - Successfully loaded
26.02.05 11:20:55.027 [OpenMUC Data Manager Pool - thread-3] INFO  o.o.f.app.gateway.core.DataHolder - New point: IOA=1002, value=0.0, total=4
26.02.05 11:20:55.027 [OpenMUC Data Manager Pool - thread-2] INFO  o.o.f.app.gateway.core.DataHolder - New point: IOA=1001, value=60.0, total=3
26.02.05 11:20:55.027 [OpenMUC Data Manager Pool - thread-1] INFO  o.o.f.app.gateway.core.DataHolder - New point: IOA=1003, value=5.0, total=5
26.02.05 11:20:55.030 [OpenMUC Data Manager Pool - thread-5] INFO  o.o.f.app.gateway.core.DataHolder - New point: IOA=1005, value=0.0, total=7
26.02.05 11:20:55.030 [OpenMUC Data Manager Pool - thread-4] INFO  o.o.f.app.gateway.core.DataHolder - New point: IOA=1004, value=1.0, total=6
26.02.05 11:22:48.377 [OpenMUC Data Manager Pool - thread-5] ERROR o.o.f.d.m.tcp.ModbusTCPConnection - ModbusIOException while reading channel:1:holding_registers:1000:int16 used timeout: 3000 ms
com.ghgande.j2mod.modbus.ModbusIOException: Executing transaction 00 2E 00 00 00 06 01 03 03 E8 00 01 failed (tried 5 times) Socket timeout reading response - Read timed out
	at com.ghgande.j2mod.modbus.io.ModbusTCPTransaction.execute(ModbusTCPTransaction.java:186)
	at org.openmuc.framework.driver.modbus.ModbusConnection.performModbusReadTransaction(ModbusConnection.java:266)
	at org.openmuc.framework.driver.modbus.ModbusConnection.executeReadTransaction(ModbusConnection.java:252)
	at org.openmuc.framework.driver.modbus.ModbusConnection.readHoldingRegisters(ModbusConnection.java:414)
	at org.openmuc.framework.driver.modbus.ModbusConnection.readHoldingRegisters(ModbusConnection.java:419)
	at org.openmuc.framework.driver.modbus.ModbusConnection.readChannel(ModbusConnection.java:113)
	at org.openmuc.framework.driver.modbus.tcp.ModbusTCPConnection.read(ModbusTCPConnection.java:126)
	at org.openmuc.framework.core.datamanager.SamplingTask.executeRead(SamplingTask.java:79)
	at org.openmuc.framework.core.datamanager.SamplingTask.run(SamplingTask.java:89)
	at java.base/java.util.concurrent.ThreadPoolExecutor.runWorker(ThreadPoolExecutor.java:1128)
	at java.base/java.util.concurrent.ThreadPoolExecutor$Worker.run(ThreadPoolExecutor.java:628)
	at java.base/java.lang.Thread.run(Thread.java:829)
26.02.05 11:22:48.386 [OpenMUC Data Manager Pool - thread-5] INFO  o.o.f.d.m.tcp.ModbusTCPConnection - Disconnect Modbus TCP device
26.02.05 11:22:48.391 [OpenMUC Data Manager Pool - thread-5] WARN  o.o.f.core.datamanager.SamplingTask - Connection to device modbus_device1 lost because Try to solve issue with reconnect.. Trying to reconnect...
26.02.05 11:22:48.396 [OpenMUC Data Manager Pool - thread-2] INFO  o.o.f.driver.modbus.ModbusDriver - Set sampling timeout to 3000 ms.
26.02.05 11:22:48.396 [OpenMUC Data Manager Pool - thread-5] INFO  o.o.f.a.g.i.m.ModbusTcpInputHandler - Invalid flag CONNECTING for modbus_register1
26.02.05 11:22:48.396 [OpenMUC Data Manager Pool - thread-3] INFO  o.o.f.a.g.i.m.ModbusTcpInputHandler - Invalid flag CONNECTING for modbus_register2
26.02.05 11:22:48.398 [OpenMUC Data Manager Pool - thread-2] INFO  o.o.f.d.m.tcp.ModbusTCPConnection - Modbus Device: 127.0.0.1:502 connected
26.02.05 11:22:48.403 [OpenMUC Data Manager Pool - thread-2] INFO  o.o.f.a.g.i.m.ModbusTcpInputHandler - Invalid flag NO_VALUE_RECEIVED_YET for modbus_register1
26.02.05 11:22:48.404 [OpenMUC Data Manager Pool - thread-3] INFO  o.o.f.a.g.i.m.ModbusTcpInputHandler - Invalid flag NO_VALUE_RECEIVED_YET for modbus_register2
26.02.05 11:22:53.716 [OpenMUC Data Manager Pool - thread-3] ERROR o.o.f.d.m.tcp.ModbusTCPConnection - ModbusIOException while reading channel:1:holding_registers:1000:int16 used timeout: 3000 ms
com.ghgande.j2mod.modbus.ModbusIOException: Connection failed for /127.0.0.1:502 Connection refused: connect
	at com.ghgande.j2mod.modbus.io.ModbusTCPTransaction.execute(ModbusTCPTransaction.java:134)
	at org.openmuc.framework.driver.modbus.ModbusConnection.performModbusReadTransaction(ModbusConnection.java:266)
	at org.openmuc.framework.driver.modbus.ModbusConnection.executeReadTransaction(ModbusConnection.java:252)
	at org.openmuc.framework.driver.modbus.ModbusConnection.readHoldingRegisters(ModbusConnection.java:414)
	at org.openmuc.framework.driver.modbus.ModbusConnection.readHoldingRegisters(ModbusConnection.java:419)
	at org.openmuc.framework.driver.modbus.ModbusConnection.readChannel(ModbusConnection.java:113)
	at org.openmuc.framework.driver.modbus.tcp.ModbusTCPConnection.read(ModbusTCPConnection.java:126)
	at org.openmuc.framework.core.datamanager.SamplingTask.executeRead(SamplingTask.java:79)
	at org.openmuc.framework.core.datamanager.SamplingTask.run(SamplingTask.java:89)
	at java.base/java.util.concurrent.ThreadPoolExecutor.runWorker(ThreadPoolExecutor.java:1128)
	at java.base/java.util.concurrent.ThreadPoolExecutor$Worker.run(ThreadPoolExecutor.java:628)
	at java.base/java.lang.Thread.run(Thread.java:829)
26.02.05 11:22:53.803 [OpenMUC Data Manager Pool - thread-3] INFO  o.o.f.d.m.tcp.ModbusTCPConnection - Disconnect Modbus TCP device
26.02.05 11:22:53.877 [OpenMUC Data Manager Pool - thread-3] WARN  o.o.f.core.datamanager.SamplingTask - Connection to device modbus_device1 lost because Try to solve issue with reconnect.. Trying to reconnect...
26.02.05 11:22:53.887 [OpenMUC Data Manager Pool - thread-4] INFO  o.o.f.a.g.i.m.ModbusTcpInputHandler - Invalid flag CONNECTING for modbus_register2
26.02.05 11:22:53.887 [OpenMUC Data Manager Pool - thread-5] INFO  o.o.f.driver.modbus.ModbusDriver - Set sampling timeout to 3000 ms.
26.02.05 11:22:53.887 [OpenMUC Data Manager Pool - thread-2] INFO  o.o.f.a.g.i.m.ModbusTcpInputHandler - Invalid flag CONNECTING for modbus_register1
26.02.05 11:22:53.891 [OpenMUC Data Manager Pool - thread-5] ERROR o.o.f.d.m.tcp.ModbusTCPConnection - Unable to connect to device 127.0.0.1:502
org.openmuc.framework.driver.spi.ConnectionException: java.net.ConnectException: Connection refused: connect
	at org.openmuc.framework.driver.modbus.tcp.ModbusTCPConnection.connect(ModbusTCPConnection.java:84)
	at org.openmuc.framework.driver.modbus.tcp.ModbusTCPConnection.<init>(ModbusTCPConnection.java:69)
	at org.openmuc.framework.driver.modbus.ModbusDriver.connect(ModbusDriver.java:112)
	at org.openmuc.framework.core.datamanager.ConnectTask.run(ConnectTask.java:44)
	at java.base/java.util.concurrent.ThreadPoolExecutor.runWorker(ThreadPoolExecutor.java:1128)
	at java.base/java.util.concurrent.ThreadPoolExecutor$Worker.run(ThreadPoolExecutor.java:628)
	at java.base/java.lang.Thread.run(Thread.java:829)
Caused by: java.net.ConnectException: Connection refused: connect
	at java.base/java.net.PlainSocketImpl.waitForConnect(Native Method)
	at java.base/java.net.PlainSocketImpl.socketConnect(PlainSocketImpl.java:107)
	at java.base/java.net.AbstractPlainSocketImpl.doConnect(AbstractPlainSocketImpl.java:412)
	at java.base/java.net.AbstractPlainSocketImpl.connectToAddress(AbstractPlainSocketImpl.java:255)
	at java.base/java.net.AbstractPlainSocketImpl.connect(AbstractPlainSocketImpl.java:237)
	at java.base/java.net.SocksSocketImpl.connect(SocksSocketImpl.java:392)
	at java.base/java.net.Socket.connect(Socket.java:609)
	at com.ghgande.j2mod.modbus.net.TCPMasterConnection.connect(TCPMasterConnection.java:146)
	at org.openmuc.framework.driver.modbus.tcp.ModbusTCPConnection.connect(ModbusTCPConnection.java:82)
	... 6 common frames omitted
26.02.05 11:22:53.914 [OpenMUC Data Manager Pool - thread-5] WARN  o.o.f.core.datamanager.ConnectTask - Unable to connect to device modbus_device1 because null.
Will try again in 60000 ms.
26.02.05 11:22:53.929 [OpenMUC Data Manager Pool - thread-2] INFO  o.o.f.a.g.i.m.ModbusTcpInputHandler - Invalid flag WAITING_FOR_CONNECTION_RETRY for modbus_register2
26.02.05 11:22:53.929 [OpenMUC Data Manager Pool - thread-5] INFO  o.o.f.a.g.i.m.ModbusTcpInputHandler - Invalid flag WAITING_FOR_CONNECTION_RETRY for modbus_register1
26.02.05 11:23:53.931 [OpenMUC Data Manager Pool - thread-2] INFO  o.o.f.driver.modbus.ModbusDriver - Set sampling timeout to 3000 ms.
26.02.05 11:23:53.931 [OpenMUC Data Manager Pool - thread-4] INFO  o.o.f.a.g.i.m.ModbusTcpInputHandler - Invalid flag CONNECTING for modbus_register2
26.02.05 11:23:53.931 [OpenMUC Data Manager Pool - thread-3] INFO  o.o.f.a.g.i.m.ModbusTcpInputHandler - Invalid flag CONNECTING for modbus_register1
26.02.05 11:23:53.932 [OpenMUC Data Manager Pool - thread-2] INFO  o.o.f.d.m.tcp.ModbusTCPConnection - Modbus Device: 127.0.0.1:502 connected
26.02.05 11:23:53.934 [OpenMUC Data Manager Pool - thread-3] INFO  o.o.f.a.g.i.m.ModbusTcpInputHandler - Invalid flag NO_VALUE_RECEIVED_YET for modbus_register2
26.02.05 11:23:53.934 [OpenMUC Data Manager Pool - thread-2] INFO  o.o.f.a.g.i.m.ModbusTcpInputHandler - Invalid flag NO_VALUE_RECEIVED_YET for modbus_register1
26.02.05 11:23:55.000 [OpenMUC Data Manager Pool - thread-2] INFO  o.o.f.app.gateway.core.DataHolder - Updated: IOA=3001, 99.0 -> 0.0
26.02.05 11:23:55.000 [OpenMUC Data Manager Pool - thread-4] INFO  o.o.f.app.gateway.core.DataHolder - Updated: IOA=3002, 66.0 -> 0.0
26.02.05 11:24:54.485 [ConnectionHandler] INFO  o.o.f.a.g.output.iec104.Iec104Server - New client connection from: org.openmuc.j60870.Connection@37df97f
26.02.05 11:24:54.491 [ConnectionHandler] INFO  o.o.f.a.g.o.i.Iec104ConnectionHandler - Connection handler created: client-1770270894491
26.02.05 11:24:54.491 [ConnectionHandler] INFO  o.o.f.a.g.output.iec104.Iec104Server - Client connected successfully: org.openmuc.j60870.Connection@37df97f (total active: 1)
26.02.05 11:24:54.491 [ConnectionReader] INFO  o.o.f.a.g.o.i.Iec104ConnectionHandler - Data transfer started for client-1770270894491
26.02.05 11:24:54.554 [aSduListener] INFO  o.o.f.a.g.o.i.Iec104ConnectionHandler - Received ASDU from client-1770270894491: type=C_CS_NA_1
26.02.05 11:24:54.607 [aSduListener] INFO  o.o.f.a.g.o.i.Iec104ConnectionHandler - Received ASDU from client-1770270894491: type=C_IC_NA_1
26.02.05 11:24:54.607 [aSduListener] INFO  o.o.f.a.g.o.i.Iec104ConnectionHandler - General Interrogation from client-1770270894491
26.02.05 11:24:54.607 [aSduListener] INFO  o.o.f.a.g.o.i.Iec104ConnectionHandler - Sending 7 data points
26.02.05 11:24:54.607 [aSduListener] INFO  o.o.f.a.g.o.i.Iec104ConnectionHandler - GI complete: 7 points sent
26.02.05 11:24:54.654 [aSduListener] INFO  o.o.f.a.g.o.i.Iec104ConnectionHandler - Received ASDU from client-1770270894491: type=C_CI_NA_1
26.02.05 11:24:54.654 [aSduListener] WARN  o.o.f.a.g.o.i.Iec104ConnectionHandler - Unsupported ASDU type: C_CI_NA_1
26.02.05 11:38:15.949 [FelixStartLevel] INFO  o.o.framework.webui.base.WebUiBase - Deactivating WebUI Base
26.02.05 11:38:16.650 [FelixStartLevel] INFO  o.o.framework.webui.base.WebUiBase - WebUI plugin deregistered: Channel Access Tool.
26.02.05 11:38:16.654 [FelixStartLevel] INFO  o.o.framework.webui.base.WebUiBase - WebUI plugin deregistered: Channel Configurator.
26.02.05 11:38:16.657 [FelixStartLevel] INFO  o.o.framework.webui.base.WebUiBase - WebUI plugin deregistered: Data Exporter.
26.02.05 11:38:16.660 [FelixStartLevel] INFO  o.o.framework.webui.base.WebUiBase - WebUI plugin deregistered: Data Plotter.
26.02.05 11:38:16.668 [FelixStartLevel] INFO  o.o.framework.webui.base.WebUiBase - WebUI plugin deregistered: Media Viewer.
26.02.05 11:38:16.678 [FelixStartLevel] INFO  o.o.framework.webui.base.WebUiBase - WebUI plugin deregistered: Simple Demo Visualisation.
26.02.05 11:38:16.681 [FelixStartLevel] INFO  o.o.framework.webui.base.WebUiBase - WebUI plugin deregistered: User Configurator.
26.02.05 11:38:16.780 [FelixStartLevel] INFO  o.o.f.server.restws.RestServer - Deactivating REST Server
26.02.05 11:38:17.666 [FelixStartLevel] INFO  o.o.f.core.datamanager.DataManager - Unregistering driver: modbus.
26.02.05 11:38:17.681 [OpenMUC Data Manager Pool - thread-12] INFO  o.o.f.a.g.i.m.ModbusTcpInputHandler - Invalid flag DISCONNECTING for modbus_register1
26.02.05 11:38:17.681 [OpenMUC Data Manager Pool - thread-8] INFO  o.o.f.d.m.tcp.ModbusTCPConnection - Disconnect Modbus TCP device
26.02.05 11:38:17.681 [OpenMUC Data Manager Pool - thread-11] INFO  o.o.f.a.g.i.m.ModbusTcpInputHandler - Invalid flag DISCONNECTING for modbus_register2
26.02.05 11:38:17.856 [OpenMUC Data Manager Pool - thread-8] INFO  o.o.f.a.g.i.m.ModbusTcpInputHandler - Invalid flag DRIVER_UNAVAILABLE for modbus_register1
26.02.05 11:38:17.856 [OpenMUC Data Manager Pool - thread-12] INFO  o.o.f.a.g.i.m.ModbusTcpInputHandler - Invalid flag DRIVER_UNAVAILABLE for modbus_register2
26.02.05 11:38:17.856 [FelixStartLevel] INFO  o.o.f.core.datamanager.DataManager - Driver unregistered: modbus
26.02.05 11:38:17.892 [FelixStartLevel] INFO  o.o.f.a.g.i.i.Iec61850InputHandler - Deactivating IEC61850 Handler...
26.02.05 11:38:17.897 [FelixStartLevel] INFO  o.o.f.a.g.i.i.Iec61850InputHandler - IEC61850 Handler deactivated
26.02.05 11:38:17.903 [FelixStartLevel] INFO  o.o.f.a.g.i.m.ModbusTcpInputHandler - Deactivating Modbus Handler...
26.02.05 11:38:17.908 [FelixStartLevel] INFO  o.o.f.a.g.i.m.ModbusTcpInputHandler - Modbus Handler deactivated
26.02.05 11:38:17.912 [FelixStartLevel] INFO  o.o.f.a.g.output.iec104.Iec104Server - ========================================
26.02.05 11:38:17.914 [FelixStartLevel] INFO  o.o.f.a.g.output.iec104.Iec104Server - Deactivating IEC 104 Server...
26.02.05 11:38:17.914 [FelixStartLevel] INFO  o.o.f.a.g.output.iec104.Iec104Server - ========================================
26.02.05 11:38:17.915 [FelixStartLevel] INFO  o.o.f.app.gateway.core.DataHolder - Listener removed, remaining=0
26.02.05 11:38:17.919 [FelixStartLevel] INFO  o.o.f.a.g.output.iec104.Iec104Server - Removed DataHolder listener
26.02.05 11:38:17.925 [FelixStartLevel] INFO  o.o.f.a.g.output.iec104.Iec104Server - Closing 1 active connections
26.02.05 11:38:17.928 [FelixStartLevel] INFO  o.o.f.a.g.o.i.Iec104ConnectionHandler - Closing connection: client-1770270894491
26.02.05 11:38:17.937 [FelixStartLevel] INFO  o.o.f.a.g.output.iec104.Iec104Server - All connections closed
26.02.05 11:38:17.942 [ConnectionReader] WARN  o.o.f.a.g.o.i.Iec104ConnectionHandler - Connection client-1770270894491 closed with error: Socket closed
26.02.05 11:38:17.971 [FelixStartLevel] INFO  o.o.f.a.g.output.iec104.Iec104Server - j60870 Server stopped
26.02.05 11:38:18.012 [FelixStartLevel] INFO  o.o.f.a.g.output.iec104.Iec104Server - IEC 104 Server deactivated
26.02.05 11:38:18.026 [FelixStartLevel] INFO  o.o.f.core.datamanager.DataManager - Unregistering data logger: asciilogger.
26.02.05 11:38:18.029 [FelixStartLevel] INFO  o.o.f.core.datamanager.DataManager - Data logger deregistered: asciilogger
26.02.05 11:38:18.029 [FelixStartLevel] INFO  o.o.f.datalogger.ascii.AsciiLogger - Deactivating Ascii Logger
26.02.05 11:38:18.052 [FelixStartLevel] INFO  o.o.f.core.datamanager.DataManager - Deactivating Data Manager
26.02.05 11:38:18.059 [FelixStartLevel] INFO  o.o.f.core.datamanager.DataManager - Unregistering driver: iec61850.
26.02.05 11:38:18.065 [FelixStartLevel] INFO  o.o.f.core.datamanager.DataManager - Driver unregistered: iec61850
26.02.05 11:38:18.336 [FelixStartLevel] INFO  org.eclipse.jetty.server.Server - Stopped Server@6df1e705{STOPPING}[11.0.22,sto=0]
26.02.05 11:38:18.397 [FelixStartLevel] INFO  o.e.jetty.server.AbstractConnector - Stopped ServerConnector@3f92fb1e{HTTP/1.1, (http/1.1)}{0.0.0.0:8888}
26.02.05 11:38:18.443 [FelixStartLevel] INFO  o.e.jetty.server.AbstractConnector - Stopped ServerConnector@692bebbb{SSL, (ssl, http/1.1)}{0.0.0.0:8889}
26.02.05 11:38:18.504 [FelixStartLevel] INFO  o.e.j.server.handler.ContextHandler - Stopped o.e.j.s.ServletContextHandler@47ae63f4{/,null,STOPPED}
26.02.05 11:38:19.489 [FelixStartLevel] INFO  org.apache.felix.http - Stopped Jetty
26.02.05 11:59:42.045 [FelixStartLevel] INFO  org.eclipse.jetty.server.Server - jetty-11.0.22; built: 2024-06-27T16:27:26.756Z; git: e711d4c7040cb1e61aa68cb248fa7280b734a3bb; jvm 11.0.27+6
26.02.05 11:59:42.440 [FelixStartLevel] INFO  o.e.j.s.s.DefaultSessionIdManager - Session workerName=node0
26.02.05 11:59:42.556 [FelixStartLevel] INFO  o.e.j.server.handler.ContextHandler - Started o.e.j.s.ServletContextHandler@2c18f371{/,null,AVAILABLE}
26.02.05 11:59:42.651 [FelixStartLevel] INFO  org.eclipse.jetty.server.Server - Started Server@6ad2400{STARTING}[11.0.22,sto=0] @4911ms
26.02.05 11:59:43.446 [FelixStartLevel] INFO  o.e.jetty.server.AbstractConnector - Started ServerConnector@6a6b3cfc{HTTP/1.1, (http/1.1)}{0.0.0.0:8888}
26.02.05 11:59:43.571 [FelixStartLevel] INFO  o.e.jetty.util.ssl.SslContextFactory - x509=X509@7fa5f206(openmuc,h=[openmuc],a=[],w=[]) for Server@5641395a[provider=null,keyStore=file:///C:/Users/Rightwatts/openmuc/iec-gateway/openmuc/framework/conf/https-certificate.jks,trustStore=null]
26.02.05 11:59:43.806 [FelixStartLevel] INFO  o.e.jetty.server.AbstractConnector - Started ServerConnector@1b82fb84{SSL, (ssl, http/1.1)}{0.0.0.0:8889}
26.02.05 11:59:43.809 [FelixStartLevel] INFO  org.apache.felix.http - Started Jetty 11.0.22 at port(s) HTTP:8888 HTTPS:8889 on context path / [minThreads=8,maxThreads=200,acceptors=1,selectors=4]
26.02.05 11:59:45.268 [FelixStartLevel] INFO  o.o.f.core.datamanager.DataManager - Activating Data Manager with config conf\channels.xml
26.02.05 11:59:45.319 [FelixStartLevel] WARN  o.o.f.core.datamanager.Device - No driver bundle available for configured driver: 'iec61850'.
26.02.05 11:59:45.331 [FelixStartLevel] WARN  o.o.f.core.datamanager.Device - No driver bundle available for configured driver: 'modbus'.
26.02.05 11:59:45.342 [FelixStartLevel] INFO  o.o.f.a.g.i.i.Iec61850InputHandler - Activating IEC 61850 Input Handler...
26.02.05 11:59:45.342 [FelixStartLevel] INFO  o.o.f.app.gateway.core.DataHolder - Initializing DataHolder...
26.02.05 11:59:45.350 [FelixStartLevel] INFO  o.o.f.app.gateway.core.DataHolder - DataHolder initialized (capacity: 6000, async enabled)
26.02.05 11:59:45.357 [FelixStartLevel] INFO  o.o.f.a.g.i.m.ModbusTcpInputHandler - Activating Modbus TCP Input Handler...
26.02.05 11:59:45.351 [DataHolder-NotificationProcessor] INFO  o.o.f.app.gateway.core.DataHolder - Notification processor started
26.02.05 11:59:45.416 [FelixStartLevel] INFO  o.o.f.a.g.output.iec104.Iec104Server - Activating IEC 104 Server...
26.02.05 11:59:45.427 [FelixStartLevel] INFO  o.o.f.a.g.output.iec104.Iec104Server - j60870 Server started successfully
26.02.05 11:59:45.429 [FelixStartLevel] INFO  o.o.f.app.gateway.core.DataHolder - Listener added, total=1
26.02.05 11:59:45.431 [FelixStartLevel] INFO  o.o.f.a.g.output.iec104.Iec104Server - Registered for spontaneous data updates
26.02.05 11:59:45.435 [FelixStartLevel] INFO  o.o.f.a.g.output.iec104.Iec104Server - IEC 104 Server activated successfully
26.02.05 11:59:45.439 [FelixStartLevel] INFO  o.o.f.a.g.output.iec104.Iec104Server - Listening on 0.0.0.0:2404
26.02.05 11:59:45.462 [FelixStartLevel] INFO  o.o.f.datalogger.ascii.AsciiLogger - Activating Ascii Logger
26.02.05 11:59:45.467 [OpenMUC Data Manager] INFO  o.o.f.core.datamanager.DataManager - Data logger registered: asciilogger
26.02.05 11:59:45.573 [FelixStartLevel] INFO  o.o.f.lib.ssl.SslManagerComponent - SSL Component activated
26.02.05 11:59:45.626 [OpenMUC Data Manager] INFO  o.o.f.core.datamanager.DataManager - Driver registered: iec61850
26.02.05 11:59:45.632 [OpenMUC Data Manager] INFO  o.o.f.core.datamanager.DataManager - Driver registered: modbus
26.02.05 11:59:45.650 [OpenMUC Data Manager Pool - thread-2] INFO  o.o.f.driver.modbus.ModbusDriver - Set sampling timeout to 3000 ms.
26.02.05 11:59:45.749 [OpenMUC Data Manager Pool - thread-2] INFO  o.o.f.d.m.tcp.ModbusTCPConnection - Modbus Device: 127.0.0.1:502 connected
26.02.05 11:59:46.047 [FelixStartLevel] INFO  o.o.f.server.restws.RestServer - Activating REST Server
26.02.05 11:59:46.127 [FelixStartLevel] WARN  o.o.framework.webui.base.WebUiBase - Can't register WebUI plugin Channel Access Tool.
26.02.05 11:59:46.143 [FelixStartLevel] WARN  o.o.framework.webui.base.WebUiBase - Can't register WebUI plugin Channel Configurator.
26.02.05 11:59:46.159 [FelixStartLevel] WARN  o.o.framework.webui.base.WebUiBase - Can't register WebUI plugin Data Exporter.
26.02.05 11:59:46.168 [FelixStartLevel] WARN  o.o.framework.webui.base.WebUiBase - Can't register WebUI plugin Data Plotter.
26.02.05 11:59:46.178 [FelixStartLevel] WARN  o.o.framework.webui.base.WebUiBase - Can't register WebUI plugin Media Viewer.
26.02.05 11:59:46.184 [FelixStartLevel] WARN  o.o.framework.webui.base.WebUiBase - Can't register WebUI plugin Simple Demo Visualisation.
26.02.05 11:59:46.198 [FelixStartLevel] WARN  o.o.framework.webui.base.WebUiBase - Can't register WebUI plugin User Configurator.
26.02.05 11:59:46.217 [FelixStartLevel] INFO  o.o.framework.webui.base.WebUiBase - Activating WebUI Base
26.02.05 11:59:46.236 [FelixStartLevel] INFO  o.o.framework.webui.base.WebUiBase - WebUI plugin registered: Channel Configurator
26.02.05 11:59:46.248 [FelixStartLevel] INFO  o.o.framework.webui.base.WebUiBase - WebUI plugin registered: Channel Access Tool
26.02.05 11:59:46.251 [FelixStartLevel] INFO  o.o.framework.webui.base.WebUiBase - WebUI plugin registered: Data Plotter
26.02.05 11:59:46.265 [FelixStartLevel] INFO  o.o.framework.webui.base.WebUiBase - WebUI plugin registered: Media Viewer
26.02.05 11:59:46.268 [FelixStartLevel] INFO  o.o.framework.webui.base.WebUiBase - WebUI plugin registered: Simple Demo Visualisation
26.02.05 11:59:46.285 [FelixStartLevel] INFO  o.o.framework.webui.base.WebUiBase - WebUI plugin registered: User Configurator
26.02.05 11:59:46.299 [FelixStartLevel] INFO  o.o.framework.webui.base.WebUiBase - WebUI plugin registered: Data Exporter
26.02.05 11:59:46.423 [FelixStartLevel] INFO  org.apache.felix.webconsole - Servlet 3 bridge enabled
26.02.05 11:59:48.399 [Iec61850-Init] INFO  o.o.f.a.g.i.i.Iec61850InputHandler - Found 7 channels in OpenMUC
26.02.05 11:59:48.424 [Modbus-Init] INFO  o.o.f.a.g.i.m.ModbusTcpInputHandler - Found 7 channels in OpenMUC
26.02.05 11:59:48.441 [Iec61850-Init] INFO  o.o.f.a.g.i.i.Iec61850InputHandler - IEC61850: iec61850_measurement4 - IOA 1004
26.02.05 11:59:48.463 [Iec61850-Init] INFO  o.o.f.a.g.i.i.Iec61850InputHandler - IEC61850: iec61850_measurement5 - IOA 1005
26.02.05 11:59:48.464 [Modbus-Init] INFO  o.o.f.a.g.i.m.ModbusTcpInputHandler - Modbus: modbus_register1 - IOA 3001 (scale=1.0)
26.02.05 11:59:48.472 [Iec61850-Init] INFO  o.o.f.a.g.i.i.Iec61850InputHandler - IEC61850: iec61850_measurement2 - IOA 1002
26.02.05 11:59:48.483 [Modbus-Init] INFO  o.o.f.a.g.i.m.ModbusTcpInputHandler - Modbus: modbus_register2 - IOA 3002 (scale=1.0)
26.02.05 11:59:48.485 [Iec61850-Init] INFO  o.o.f.a.g.i.i.Iec61850InputHandler - IEC61850: iec61850_measurement3 - IOA 1003
26.02.05 11:59:48.488 [Modbus-Init] INFO  o.o.f.a.g.i.m.ModbusTcpInputHandler - Modbus Init: 2 OK, 0 Failed, 0 Skipped
26.02.05 11:59:48.491 [Iec61850-Init] INFO  o.o.f.a.g.i.i.Iec61850InputHandler - IEC61850: iec61850_measurement1 - IOA 1001
26.02.05 11:59:48.505 [Iec61850-Init] INFO  o.o.f.a.g.i.i.Iec61850InputHandler - IEC61850 Init: 5 OK, 0 Failed, 0 Skipped
26.02.05 11:59:49.366 [CM Configuration Updater (Update: pid=org.openmuc.framework.lib.ssl.SslManager)] INFO  o.o.framework.lib.ssl.SslManager - Successfully loaded
26.02.05 11:59:50.022 [OpenMUC Data Manager Pool - thread-2] INFO  o.o.f.app.gateway.core.DataHolder - New point: IOA=3001, value=0.0, total=1
26.02.05 11:59:50.022 [OpenMUC Data Manager Pool - thread-3] INFO  o.o.f.app.gateway.core.DataHolder - New point: IOA=3002, value=0.0, total=2
26.02.05 12:00:05.025 [OpenMUC Data Manager Pool - thread-2] INFO  o.o.f.app.gateway.core.DataHolder - New point: IOA=1002, value=0.0, total=6
26.02.05 12:00:05.025 [OpenMUC Data Manager Pool - thread-1] INFO  o.o.f.app.gateway.core.DataHolder - New point: IOA=1003, value=5.0, total=5
26.02.05 12:00:05.025 [OpenMUC Data Manager Pool - thread-4] INFO  o.o.f.app.gateway.core.DataHolder - New point: IOA=1004, value=1.0, total=5
26.02.05 12:00:05.025 [OpenMUC Data Manager Pool - thread-3] INFO  o.o.f.app.gateway.core.DataHolder - New point: IOA=1001, value=60.0, total=5
26.02.05 12:00:05.025 [OpenMUC Data Manager Pool - thread-5] INFO  o.o.f.app.gateway.core.DataHolder - New point: IOA=1005, value=0.0, total=7
26.02.05 12:01:01.993 [ConnectionHandler] INFO  o.o.f.a.g.output.iec104.Iec104Server - New client connection from: org.openmuc.j60870.Connection@301d985
26.02.05 12:01:01.997 [ConnectionHandler] INFO  o.o.f.a.g.o.i.Iec104ConnectionHandler - Connection handler created: client-1770273061996
26.02.05 12:01:01.998 [ConnectionHandler] INFO  o.o.f.a.g.output.iec104.Iec104Server - Client connected successfully: org.openmuc.j60870.Connection@301d985 (total active: 1)
26.02.05 12:01:02.006 [ConnectionReader] INFO  o.o.f.a.g.o.i.Iec104ConnectionHandler - Data transfer started for client-1770273061996
26.02.05 12:01:02.085 [aSduListener] INFO  o.o.f.a.g.o.i.Iec104ConnectionHandler - Received ASDU from client-1770273061996: type=C_CS_NA_1
26.02.05 12:01:02.114 [aSduListener] INFO  o.o.f.a.g.o.i.Iec104ConnectionHandler - Received ASDU from client-1770273061996: type=C_IC_NA_1
26.02.05 12:01:02.115 [aSduListener] INFO  o.o.f.a.g.o.i.Iec104ConnectionHandler - General Interrogation from client-1770273061996
26.02.05 12:01:02.116 [aSduListener] INFO  o.o.f.a.g.o.i.Iec104ConnectionHandler - Sending 7 data points
26.02.05 12:01:02.120 [aSduListener] INFO  o.o.f.a.g.o.i.Iec104ConnectionHandler - GI complete: 7 points sent
26.02.05 12:01:02.162 [aSduListener] INFO  o.o.f.a.g.o.i.Iec104ConnectionHandler - Received ASDU from client-1770273061996: type=C_CI_NA_1
26.02.05 12:01:02.163 [aSduListener] WARN  o.o.f.a.g.o.i.Iec104ConnectionHandler - Unsupported ASDU type: C_CI_NA_1
26.02.05 12:05:07.766 [FelixStartLevel] INFO  o.o.f.server.restws.RestServer - Deactivating REST Server
26.02.05 12:05:07.772 [FelixStartLevel] INFO  o.o.framework.webui.base.WebUiBase - Deactivating WebUI Base
26.02.05 12:05:07.775 [FelixStartLevel] INFO  o.o.framework.webui.base.WebUiBase - WebUI plugin deregistered: Channel Access Tool.
26.02.05 12:05:07.776 [FelixStartLevel] INFO  o.o.framework.webui.base.WebUiBase - WebUI plugin deregistered: Channel Configurator.
26.02.05 12:05:07.777 [FelixStartLevel] INFO  o.o.framework.webui.base.WebUiBase - WebUI plugin deregistered: Data Exporter.
26.02.05 12:05:07.781 [FelixStartLevel] INFO  o.o.framework.webui.base.WebUiBase - WebUI plugin deregistered: Data Plotter.
26.02.05 12:05:07.787 [FelixStartLevel] INFO  o.o.framework.webui.base.WebUiBase - WebUI plugin deregistered: Media Viewer.
26.02.05 12:05:07.794 [FelixStartLevel] INFO  o.o.framework.webui.base.WebUiBase - WebUI plugin deregistered: Simple Demo Visualisation.
26.02.05 12:05:07.797 [FelixStartLevel] INFO  o.o.framework.webui.base.WebUiBase - WebUI plugin deregistered: User Configurator.
26.02.05 12:05:07.812 [FelixStartLevel] INFO  o.o.f.core.datamanager.DataManager - Unregistering driver: modbus.
26.02.05 12:05:07.816 [OpenMUC Data Manager Pool - thread-4] INFO  o.o.f.a.g.i.m.ModbusTcpInputHandler - Invalid flag DISCONNECTING for modbus_register2
26.02.05 12:05:07.816 [OpenMUC Data Manager Pool - thread-5] INFO  o.o.f.a.g.i.m.ModbusTcpInputHandler - Invalid flag DISCONNECTING for modbus_register1
26.02.05 12:05:07.817 [OpenMUC Data Manager Pool - thread-6] INFO  o.o.f.d.m.tcp.ModbusTCPConnection - Disconnect Modbus TCP device
26.02.05 12:05:07.827 [OpenMUC Data Manager Pool - thread-5] INFO  o.o.f.a.g.i.m.ModbusTcpInputHandler - Invalid flag DRIVER_UNAVAILABLE for modbus_register2
26.02.05 12:05:07.827 [FelixStartLevel] INFO  o.o.f.core.datamanager.DataManager - Driver unregistered: modbus
26.02.05 12:05:07.827 [OpenMUC Data Manager Pool - thread-6] INFO  o.o.f.a.g.i.m.ModbusTcpInputHandler - Invalid flag DRIVER_UNAVAILABLE for modbus_register1
26.02.05 12:05:07.837 [FelixStartLevel] INFO  o.o.f.core.datamanager.DataManager - Unregistering data logger: asciilogger.
26.02.05 12:05:07.844 [FelixStartLevel] INFO  o.o.f.core.datamanager.DataManager - Data logger deregistered: asciilogger
26.02.05 12:05:07.846 [FelixStartLevel] INFO  o.o.f.datalogger.ascii.AsciiLogger - Deactivating Ascii Logger
26.02.05 12:05:07.853 [FelixStartLevel] INFO  o.o.f.a.g.i.i.Iec61850InputHandler - Deactivating IEC61850 Handler...
26.02.05 12:05:07.855 [FelixStartLevel] INFO  o.o.f.a.g.i.i.Iec61850InputHandler - IEC61850 Handler deactivated
26.02.05 12:05:07.858 [FelixStartLevel] INFO  o.o.f.a.g.i.m.ModbusTcpInputHandler - Deactivating Modbus Handler...
26.02.05 12:05:07.860 [FelixStartLevel] INFO  o.o.f.a.g.i.m.ModbusTcpInputHandler - Modbus Handler deactivated
26.02.05 12:05:07.862 [FelixStartLevel] INFO  o.o.f.a.g.output.iec104.Iec104Server - ========================================
26.02.05 12:05:07.864 [FelixStartLevel] INFO  o.o.f.a.g.output.iec104.Iec104Server - Deactivating IEC 104 Server...
26.02.05 12:05:07.865 [FelixStartLevel] INFO  o.o.f.a.g.output.iec104.Iec104Server - ========================================
26.02.05 12:05:07.865 [FelixStartLevel] INFO  o.o.f.app.gateway.core.DataHolder - Listener removed, remaining=0
26.02.05 12:05:07.866 [FelixStartLevel] INFO  o.o.f.a.g.output.iec104.Iec104Server - Removed DataHolder listener
26.02.05 12:05:07.867 [FelixStartLevel] INFO  o.o.f.a.g.output.iec104.Iec104Server - Closing 1 active connections
26.02.05 12:05:07.867 [FelixStartLevel] INFO  o.o.f.a.g.o.i.Iec104ConnectionHandler - Closing connection: client-1770273061996
26.02.05 12:05:07.870 [FelixStartLevel] INFO  o.o.f.a.g.output.iec104.Iec104Server - All connections closed
26.02.05 12:05:07.871 [ConnectionReader] WARN  o.o.f.a.g.o.i.Iec104ConnectionHandler - Connection client-1770273061996 closed with error: Socket closed
26.02.05 12:05:07.879 [FelixStartLevel] INFO  o.o.f.a.g.output.iec104.Iec104Server - j60870 Server stopped
26.02.05 12:05:07.883 [FelixStartLevel] INFO  o.o.f.a.g.output.iec104.Iec104Server - IEC 104 Server deactivated
26.02.05 12:05:07.887 [FelixStartLevel] INFO  o.o.f.core.datamanager.DataManager - Deactivating Data Manager
26.02.05 12:05:07.894 [FelixStartLevel] INFO  o.o.f.core.datamanager.DataManager - Unregistering driver: iec61850.
26.02.05 12:05:07.898 [FelixStartLevel] INFO  o.o.f.core.datamanager.DataManager - Driver unregistered: iec61850
26.02.05 12:05:07.930 [FelixStartLevel] INFO  org.eclipse.jetty.server.Server - Stopped Server@6ad2400{STOPPING}[11.0.22,sto=0]
26.02.05 12:05:07.959 [FelixStartLevel] INFO  o.e.jetty.server.AbstractConnector - Stopped ServerConnector@6a6b3cfc{HTTP/1.1, (http/1.1)}{0.0.0.0:8888}
26.02.05 12:05:07.968 [FelixStartLevel] INFO  o.e.jetty.server.AbstractConnector - Stopped ServerConnector@1b82fb84{SSL, (ssl, http/1.1)}{0.0.0.0:8889}
26.02.05 12:05:07.975 [FelixStartLevel] INFO  o.e.j.server.handler.ContextHandler - Stopped o.e.j.s.ServletContextHandler@2c18f371{/,null,STOPPED}
26.02.05 12:05:07.986 [FelixStartLevel] INFO  org.apache.felix.http - Stopped Jetty
26.02.05 12:07:51.250 [FelixStartLevel] INFO  org.eclipse.jetty.server.Server - jetty-11.0.22; built: 2024-06-27T16:27:26.756Z; git: e711d4c7040cb1e61aa68cb248fa7280b734a3bb; jvm 11.0.27+6
26.02.05 12:07:51.628 [FelixStartLevel] INFO  o.e.j.s.s.DefaultSessionIdManager - Session workerName=node0
26.02.05 12:07:51.801 [FelixStartLevel] INFO  o.e.j.server.handler.ContextHandler - Started o.e.j.s.ServletContextHandler@5cfe08f7{/,null,AVAILABLE}
26.02.05 12:07:51.876 [FelixStartLevel] INFO  org.eclipse.jetty.server.Server - Started Server@7d6ef268{STARTING}[11.0.22,sto=0] @11354ms
26.02.05 12:07:52.878 [FelixStartLevel] INFO  o.e.jetty.server.AbstractConnector - Started ServerConnector@1cef999f{HTTP/1.1, (http/1.1)}{0.0.0.0:8888}
26.02.05 12:07:53.076 [FelixStartLevel] INFO  o.e.jetty.util.ssl.SslContextFactory - x509=X509@2cbeb122(openmuc,h=[openmuc],a=[],w=[]) for Server@53fc0037[provider=null,keyStore=file:///C:/Users/Rightwatts/openmuc/iec-gateway/openmuc/framework/conf/https-certificate.jks,trustStore=null]
26.02.05 12:07:53.518 [FelixStartLevel] INFO  o.e.jetty.server.AbstractConnector - Started ServerConnector@1e7a5eb1{SSL, (ssl, http/1.1)}{0.0.0.0:8889}
26.02.05 12:07:53.528 [FelixStartLevel] INFO  org.apache.felix.http - Started Jetty 11.0.22 at port(s) HTTP:8888 HTTPS:8889 on context path / [minThreads=8,maxThreads=200,acceptors=1,selectors=4]
26.02.05 12:07:55.274 [FelixStartLevel] INFO  o.o.f.core.datamanager.DataManager - Activating Data Manager with config conf\channels.xml
26.02.05 12:07:55.344 [FelixStartLevel] WARN  o.o.f.core.datamanager.Device - No driver bundle available for configured driver: 'iec61850'.
26.02.05 12:07:55.351 [FelixStartLevel] WARN  o.o.f.core.datamanager.Device - No driver bundle available for configured driver: 'modbus'.
26.02.05 12:07:55.368 [FelixStartLevel] INFO  o.o.f.a.g.i.i.Iec61850InputHandler - Activating IEC 61850 Input Handler...
26.02.05 12:07:55.371 [FelixStartLevel] INFO  o.o.f.app.gateway.core.DataHolder - Initializing DataHolder...
26.02.05 12:07:55.383 [FelixStartLevel] INFO  o.o.f.app.gateway.core.DataHolder - DataHolder initialized (capacity: 6000, async enabled)
26.02.05 12:07:55.393 [FelixStartLevel] INFO  o.o.f.a.g.i.m.ModbusTcpInputHandler - Activating Modbus TCP Input Handler...
26.02.05 12:07:55.395 [DataHolder-NotificationProcessor] INFO  o.o.f.app.gateway.core.DataHolder - Notification processor started
26.02.05 12:07:55.428 [FelixStartLevel] INFO  o.o.f.a.g.output.iec104.Iec104Server - Activating IEC 104 Server...
26.02.05 12:07:55.444 [FelixStartLevel] INFO  o.o.f.a.g.output.iec104.Iec104Server - j60870 Server started successfully
26.02.05 12:07:55.448 [FelixStartLevel] INFO  o.o.f.app.gateway.core.DataHolder - Listener added, total=1
26.02.05 12:07:55.455 [FelixStartLevel] INFO  o.o.f.a.g.output.iec104.Iec104Server - Registered for spontaneous data updates
26.02.05 12:07:55.457 [FelixStartLevel] INFO  o.o.f.a.g.output.iec104.Iec104Server - IEC 104 Server activated successfully
26.02.05 12:07:55.458 [FelixStartLevel] INFO  o.o.f.a.g.output.iec104.Iec104Server - Listening on 0.0.0.0:2404
26.02.05 12:07:55.487 [FelixStartLevel] INFO  o.o.f.datalogger.ascii.AsciiLogger - Activating Ascii Logger
26.02.05 12:07:55.493 [OpenMUC Data Manager] INFO  o.o.f.core.datamanager.DataManager - Data logger registered: asciilogger
26.02.05 12:07:55.557 [OpenMUC Data Manager] INFO  o.o.f.core.datamanager.DataManager - Driver registered: iec61850
26.02.05 12:07:55.594 [OpenMUC Data Manager] INFO  o.o.f.core.datamanager.DataManager - Driver registered: modbus
26.02.05 12:07:55.602 [FelixStartLevel] INFO  o.o.f.lib.ssl.SslManagerComponent - SSL Component activated
26.02.05 12:07:55.617 [OpenMUC Data Manager Pool - thread-2] INFO  o.o.f.driver.modbus.ModbusDriver - Set sampling timeout to 3000 ms.
26.02.05 12:07:55.674 [OpenMUC Data Manager Pool - thread-2] INFO  o.o.f.d.m.tcp.ModbusTCPConnection - Modbus Device: 127.0.0.1:502 connected
26.02.05 12:07:56.176 [FelixStartLevel] INFO  o.o.f.server.restws.RestServer - Activating REST Server
26.02.05 12:07:56.233 [FelixStartLevel] WARN  o.o.framework.webui.base.WebUiBase - Can't register WebUI plugin Channel Access Tool.
26.02.05 12:07:56.238 [FelixStartLevel] WARN  o.o.framework.webui.base.WebUiBase - Can't register WebUI plugin Channel Configurator.
26.02.05 12:07:56.251 [FelixStartLevel] WARN  o.o.framework.webui.base.WebUiBase - Can't register WebUI plugin Data Exporter.
26.02.05 12:07:56.255 [FelixStartLevel] WARN  o.o.framework.webui.base.WebUiBase - Can't register WebUI plugin Data Plotter.
26.02.05 12:07:56.278 [FelixStartLevel] WARN  o.o.framework.webui.base.WebUiBase - Can't register WebUI plugin Media Viewer.
26.02.05 12:07:56.287 [FelixStartLevel] WARN  o.o.framework.webui.base.WebUiBase - Can't register WebUI plugin Simple Demo Visualisation.
26.02.05 12:07:56.293 [FelixStartLevel] WARN  o.o.framework.webui.base.WebUiBase - Can't register WebUI plugin User Configurator.
26.02.05 12:07:56.295 [FelixStartLevel] INFO  o.o.framework.webui.base.WebUiBase - Activating WebUI Base
26.02.05 12:07:56.303 [FelixStartLevel] INFO  o.o.framework.webui.base.WebUiBase - WebUI plugin registered: Channel Configurator
26.02.05 12:07:56.325 [FelixStartLevel] INFO  o.o.framework.webui.base.WebUiBase - WebUI plugin registered: Channel Access Tool
26.02.05 12:07:56.333 [FelixStartLevel] INFO  o.o.framework.webui.base.WebUiBase - WebUI plugin registered: Data Plotter
26.02.05 12:07:56.338 [FelixStartLevel] INFO  o.o.framework.webui.base.WebUiBase - WebUI plugin registered: Media Viewer
26.02.05 12:07:56.350 [FelixStartLevel] INFO  o.o.framework.webui.base.WebUiBase - WebUI plugin registered: Simple Demo Visualisation
26.02.05 12:07:56.357 [FelixStartLevel] INFO  o.o.framework.webui.base.WebUiBase - WebUI plugin registered: User Configurator
26.02.05 12:07:56.363 [FelixStartLevel] INFO  o.o.framework.webui.base.WebUiBase - WebUI plugin registered: Data Exporter
26.02.05 12:07:56.569 [FelixStartLevel] INFO  org.apache.felix.webconsole - Servlet 3 bridge enabled
26.02.05 12:07:58.398 [Iec61850-Init] INFO  o.o.f.a.g.i.i.Iec61850InputHandler - Found 7 channels in OpenMUC
26.02.05 12:07:58.401 [Iec61850-Init] INFO  o.o.f.a.g.i.i.Iec61850InputHandler - IEC61850: iec61850_measurement4 - IOA 1004
26.02.05 12:07:58.402 [Iec61850-Init] INFO  o.o.f.a.g.i.i.Iec61850InputHandler - IEC61850: iec61850_measurement5 - IOA 1005
26.02.05 12:07:58.403 [Iec61850-Init] INFO  o.o.f.a.g.i.i.Iec61850InputHandler - IEC61850: iec61850_measurement2 - IOA 1002
26.02.05 12:07:58.403 [Iec61850-Init] INFO  o.o.f.a.g.i.i.Iec61850InputHandler - IEC61850: iec61850_measurement3 - IOA 1003
26.02.05 12:07:58.404 [Iec61850-Init] INFO  o.o.f.a.g.i.i.Iec61850InputHandler - IEC61850: iec61850_measurement1 - IOA 1001
26.02.05 12:07:58.405 [Iec61850-Init] INFO  o.o.f.a.g.i.i.Iec61850InputHandler - IEC61850 Init: 5 OK, 0 Failed, 0 Skipped
26.02.05 12:07:58.422 [Modbus-Init] INFO  o.o.f.a.g.i.m.ModbusTcpInputHandler - Found 7 channels in OpenMUC
26.02.05 12:07:58.424 [Modbus-Init] INFO  o.o.f.a.g.i.m.ModbusTcpInputHandler - Modbus: modbus_register1 - IOA 3001 (scale=1.0)
26.02.05 12:07:58.425 [Modbus-Init] INFO  o.o.f.a.g.i.m.ModbusTcpInputHandler - Modbus: modbus_register2 - IOA 3002 (scale=1.0)
26.02.05 12:07:58.426 [Modbus-Init] INFO  o.o.f.a.g.i.m.ModbusTcpInputHandler - Modbus Init: 2 OK, 0 Failed, 0 Skipped
26.02.05 12:08:00.063 [OpenMUC Data Manager Pool - thread-2] INFO  o.o.f.app.gateway.core.DataHolder - New point: IOA=3001, value=0.0, total=1
26.02.05 12:08:00.084 [OpenMUC Data Manager Pool - thread-3] INFO  o.o.f.app.gateway.core.DataHolder - New point: IOA=3002, value=0.0, total=2
26.02.05 12:08:00.703 [CM Configuration Updater (Update: pid=org.openmuc.framework.lib.ssl.SslManager)] INFO  o.o.framework.lib.ssl.SslManager - Successfully loaded
26.02.05 12:08:15.033 [OpenMUC Data Manager Pool - thread-3] INFO  o.o.f.app.gateway.core.DataHolder - New point: IOA=1003, value=5.0, total=4
26.02.05 12:08:15.033 [OpenMUC Data Manager Pool - thread-2] INFO  o.o.f.app.gateway.core.DataHolder - New point: IOA=1002, value=0.0, total=4
26.02.05 12:08:15.034 [OpenMUC Data Manager Pool - thread-5] INFO  o.o.f.app.gateway.core.DataHolder - New point: IOA=1005, value=0.0, total=7
26.02.05 12:08:15.033 [OpenMUC Data Manager Pool - thread-1] INFO  o.o.f.app.gateway.core.DataHolder - New point: IOA=1001, value=60.0, total=5
26.02.05 12:08:15.033 [OpenMUC Data Manager Pool - thread-4] INFO  o.o.f.app.gateway.core.DataHolder - New point: IOA=1004, value=1.0, total=6
26.02.05 12:08:21.701 [ConnectionHandler] INFO  o.o.f.a.g.output.iec104.Iec104Server - New client connection from: org.openmuc.j60870.Connection@4c758bf2
26.02.05 12:08:21.705 [ConnectionHandler] INFO  o.o.f.a.g.o.i.Iec104ConnectionHandler - Connection handler created: client-1770273501704
26.02.05 12:08:21.706 [ConnectionHandler] INFO  o.o.f.a.g.output.iec104.Iec104Server - Client connected successfully: org.openmuc.j60870.Connection@4c758bf2 (total active: 1)
26.02.05 12:08:21.713 [ConnectionReader] INFO  o.o.f.a.g.o.i.Iec104ConnectionHandler - Data transfer started for client-1770273501704
26.02.05 12:08:21.802 [aSduListener] INFO  o.o.f.a.g.o.i.Iec104ConnectionHandler - Received ASDU from client-1770273501704: type=C_CS_NA_1
26.02.05 12:08:21.830 [aSduListener] INFO  o.o.f.a.g.o.i.Iec104ConnectionHandler - Received ASDU from client-1770273501704: type=C_IC_NA_1
26.02.05 12:08:21.832 [aSduListener] INFO  o.o.f.a.g.o.i.Iec104ConnectionHandler - General Interrogation from client-1770273501704
26.02.05 12:08:21.833 [aSduListener] INFO  o.o.f.a.g.o.i.Iec104ConnectionHandler - Sending 7 data points
26.02.05 12:08:21.838 [aSduListener] INFO  o.o.f.a.g.o.i.Iec104ConnectionHandler - GI complete: 7 points sent
26.02.05 12:08:21.878 [aSduListener] INFO  o.o.f.a.g.o.i.Iec104ConnectionHandler - Received ASDU from client-1770273501704: type=C_CI_NA_1
26.02.05 12:08:21.878 [aSduListener] INFO  o.o.f.a.g.o.i.Iec104ConnectionHandler - Counter Interrogation from client-1770273501704
26.02.05 12:08:21.879 [aSduListener] INFO  o.o.f.a.g.o.i.Iec104ConnectionHandler - Sending 7 data points
26.02.05 12:08:22.239 [aSduListener] INFO  o.o.f.a.g.o.i.Iec104ConnectionHandler - GI complete: 7 points sent
26.02.05 12:08:22.296 [aSduListener] INFO  o.o.f.a.g.o.i.Iec104ConnectionHandler - Counter Interrogation complete
26.02.05 12:08:55.000 [OpenMUC Data Manager Pool - thread-2] INFO  o.o.f.app.gateway.core.DataHolder - Updated: IOA=1001, 60.0 -> 90.0
26.02.05 12:09:10.024 [OpenMUC Data Manager Pool - thread-2] INFO  o.o.f.app.gateway.core.DataHolder - Updated: IOA=1001, 90.0 -> 100.0
26.02.05 12:09:25.012 [OpenMUC Data Manager Pool - thread-5] INFO  o.o.f.app.gateway.core.DataHolder - Updated: IOA=1001, 100.0 -> 10.0
26.02.05 12:10:20.017 [OpenMUC Data Manager Pool - thread-5] INFO  o.o.f.app.gateway.core.DataHolder - Updated: IOA=1001, 10.0 -> 13.0
26.02.05 12:12:44.717 [ConnectionReader] WARN  o.o.f.a.g.o.i.Iec104ConnectionHandler - Connection client-1770273501704 closed with error: Connection reset
26.02.05 12:12:44.717 [ConnectionReader] INFO  o.o.f.a.g.output.iec104.Iec104Server - Client disconnected: client-1770273501704 (remaining: 0)
